20:55:22.164 sms [restartedMain] INFO  com.oldx.web.OldxWebApplication - Starting OldxWebApplication on LAPTOP-I6P0O8RG with PID 2044 (D:\D_Git_Project_FIle_WorkSpace\moli\moli-web\target\classes started by Old丶x in D:\D_Git_Project_FIle_WorkSpace\moli)
20:55:22.166 sms [restartedMain] INFO  com.oldx.web.OldxWebApplication - No active profile set, falling back to default profiles: default
20:55:22.314 sms [restartedMain] INFO  o.s.b.w.s.c.AnnotationConfigServletWebServerApplicationContext - Refreshing org.springframework.boot.web.servlet.context.AnnotationConfigServletWebServerApplicationContext@7979eaa4: startup date [Thu Nov 07 20:55:22 CST 2019]; root of context hierarchy
20:55:24.367 sms [restartedMain] INFO  o.s.d.r.c.RepositoryConfigurationDelegate - Multiple Spring Data modules found, entering strict repository configuration mode!
20:55:24.943 sms [restartedMain] INFO  o.s.b.f.a.AutowiredAnnotationBeanPostProcessor - JSR-330 'javax.inject.Inject' annotation found and supported for autowiring
20:55:25.091 sms [restartedMain] INFO  o.s.c.s.PostProcessorRegistrationDelegate$BeanPostProcessorChecker - Bean 'org.springframework.transaction.annotation.ProxyTransactionManagementConfiguration' of type [org.springframework.transaction.annotation.ProxyTransactionManagementConfiguration$$EnhancerBySpringCGLIB$$8e13689b] is not eligible for getting processed by all BeanPostProcessors (for example: not eligible for auto-proxying)
20:55:25.113 sms [restartedMain] INFO  o.s.c.s.PostProcessorRegistrationDelegate$BeanPostProcessorChecker - Bean 'org.springframework.security.config.annotation.configuration.ObjectPostProcessorConfiguration' of type [org.springframework.security.config.annotation.configuration.ObjectPostProcessorConfiguration$$EnhancerBySpringCGLIB$$26c130d5] is not eligible for getting processed by all BeanPostProcessors (for example: not eligible for auto-proxying)
20:55:25.124 sms [restartedMain] INFO  o.s.c.s.PostProcessorRegistrationDelegate$BeanPostProcessorChecker - Bean 'objectPostProcessor' of type [org.springframework.security.config.annotation.configuration.AutowireBeanFactoryObjectPostProcessor] is not eligible for getting processed by all BeanPostProcessors (for example: not eligible for auto-proxying)
20:55:25.128 sms [restartedMain] INFO  o.s.c.s.PostProcessorRegistrationDelegate$BeanPostProcessorChecker - Bean 'org.springframework.security.access.expression.method.DefaultMethodSecurityExpressionHandler@9b1af22' of type [org.springframework.security.access.expression.method.DefaultMethodSecurityExpressionHandler] is not eligible for getting processed by all BeanPostProcessors (for example: not eligible for auto-proxying)
20:55:25.143 sms [restartedMain] INFO  o.s.c.s.PostProcessorRegistrationDelegate$BeanPostProcessorChecker - Bean 'org.springframework.security.config.annotation.method.configuration.GlobalMethodSecurityConfiguration' of type [org.springframework.security.config.annotation.method.configuration.GlobalMethodSecurityConfiguration$$EnhancerBySpringCGLIB$$4b95d387] is not eligible for getting processed by all BeanPostProcessors (for example: not eligible for auto-proxying)
20:55:25.161 sms [restartedMain] INFO  o.s.c.s.PostProcessorRegistrationDelegate$BeanPostProcessorChecker - Bean 'methodSecurityMetadataSource' of type [org.springframework.security.access.method.DelegatingMethodSecurityMetadataSource] is not eligible for getting processed by all BeanPostProcessors (for example: not eligible for auto-proxying)
20:55:25.927 sms [restartedMain] INFO  o.s.b.w.e.tomcat.TomcatWebServer - Tomcat initialized with port(s): 8888 (http)
20:55:25.943 sms [restartedMain] INFO  o.a.coyote.http11.Http11NioProtocol - Initializing ProtocolHandler ["http-nio-8888"]
20:55:25.957 sms [restartedMain] INFO  o.a.catalina.core.StandardService - Starting service [Tomcat]
20:55:25.957 sms [restartedMain] INFO  o.a.catalina.core.StandardEngine - Starting Servlet Engine: Apache Tomcat/8.5.32
20:55:25.962 sms [localhost-startStop-1] INFO  o.a.c.core.AprLifecycleListener - The APR based Apache Tomcat Native library which allows optimal performance in production environments was not found on the java.library.path: [C:\Program Files\Java\jdk1.8.0_212\bin;C:\WINDOWS\Sun\Java\bin;C:\WINDOWS\system32;C:\WINDOWS;D:\xshell6\;D:\xftp6\;C:\Program Files\Java\jdk1.8.0_212\bin\;C:\Program Files\Java\jdk1.8.0_212\jre\bin\;C:\Program Files (x86)\Common Files\Oracle\Java\javapath;C:\Windows\system32;C:\Windows;C:\Windows\System32\Wbem;C:\Windows\System32\WindowsPowerShell\v1.0\;C:\Windows\System32\OpenSSH\;C:\Program Files (x86)\NVIDIA Corporation\PhysX\Common;C:\Program Files\NVIDIA Corporation\NVIDIA NGX;C:\Program Files\NVIDIA Corporation\NVIDIA NvDLISR;C:\WINDOWS\system32;C:\WINDOWS;C:\WINDOWS\System32\Wbem;C:\WINDOWS\System32\WindowsPowerShell\v1.0\;C:\WINDOWS\System32\OpenSSH\;D:\mysql-5.7.26-winx64\mysql-5.7.26-winx64\bin;F:\apache-maven-3.3.9\apache-maven-3.3.9\bin;F:\gradle-5.4.1\gradle-5.4.1\bin;D:\MongDb\bin;D:\Program Files\nodejs\node_global;D:\nvm;C:\Program Files\nodejs;%ERLANG_HOME%\bin;D:\Microsoft VS Code\bin;F:\ffmpeg-20180227-fa0c9d6-win64-static\bin;C:\Program Files\Microsoft VS Code\bin;D:\Git\Git\cmd;D:\Git\bin;C:\Users\Old丶x\AppData\Local\Microsoft\WindowsApps;C:\Users\Old丶x\AppData\Roaming\npm;.]
20:55:26.257 sms [localhost-startStop-1] INFO  o.a.c.c.C.[Tomcat].[localhost].[/] - Initializing Spring embedded WebApplicationContext
20:55:26.258 sms [localhost-startStop-1] INFO  o.s.web.context.ContextLoader - Root WebApplicationContext: initialization completed in 3944 ms
20:55:26.862 sms [localhost-startStop-1] INFO  o.s.b.w.s.FilterRegistrationBean - Mapping filter: 'characterEncodingFilter' to: [/*]
20:55:26.863 sms [localhost-startStop-1] INFO  o.s.b.w.s.FilterRegistrationBean - Mapping filter: 'sessionRepositoryFilter' to: [/*]
20:55:26.863 sms [localhost-startStop-1] INFO  o.s.b.w.s.FilterRegistrationBean - Mapping filter: 'hiddenHttpMethodFilter' to: [/*]
20:55:26.863 sms [localhost-startStop-1] INFO  o.s.b.w.s.FilterRegistrationBean - Mapping filter: 'httpPutFormContentFilter' to: [/*]
20:55:26.863 sms [localhost-startStop-1] INFO  o.s.b.w.s.FilterRegistrationBean - Mapping filter: 'requestContextFilter' to: [/*]
20:55:26.864 sms [localhost-startStop-1] INFO  o.s.b.w.s.DelegatingFilterProxyRegistrationBean - Mapping filter: 'springSecurityFilterChain' to: [/*]
20:55:26.864 sms [localhost-startStop-1] INFO  o.s.b.w.s.ServletRegistrationBean - Servlet dispatcherServlet mapped to [/]
20:55:28.121 sms [restartedMain] INFO  o.s.w.s.m.m.a.RequestMappingHandlerMapping - Mapped "{[/index],methods=[GET]}" onto public java.lang.String com.oldx.web.controller.index.IndexController.index(org.springframework.security.core.Authentication,org.springframework.ui.Model)
20:55:28.121 sms [restartedMain] INFO  o.s.w.s.m.m.a.RequestMappingHandlerMapping - Mapped "{[/userlist],methods=[GET]}" onto public com.oldx.common.api.CommonResult com.oldx.web.controller.index.IndexController.user()
20:55:28.121 sms [restartedMain] INFO  o.s.w.s.m.m.a.RequestMappingHandlerMapping - Mapped "{[/userlist1],methods=[GET]}" onto public com.oldx.common.api.CommonResult com.oldx.web.controller.index.IndexController.user111()
20:55:28.122 sms [restartedMain] INFO  o.s.w.s.m.m.a.RequestMappingHandlerMapping - Mapped "{[/authentication/login]}" onto public com.oldx.common.api.CommonResult com.oldx.web.controller.system.BrowserSecurityController.requireAuthentication(javax.servlet.http.HttpServletRequest,javax.servlet.http.HttpServletResponse) throws java.io.IOException
20:55:28.123 sms [restartedMain] INFO  o.s.w.s.m.m.a.RequestMappingHandlerMapping - Mapped "{[/exception/403],methods=[GET]}" onto public java.lang.String com.oldx.web.controller.system.CommonController.unAuthorin()
20:55:28.124 sms [restartedMain] INFO  o.s.w.s.m.m.a.RequestMappingHandlerMapping - Mapped "{[/login],methods=[GET]}" onto public java.lang.String com.oldx.web.controller.system.LoginController.login(javax.servlet.http.HttpServletRequest,javax.servlet.http.HttpServletResponse)
20:55:28.124 sms [restartedMain] INFO  o.s.w.s.m.m.a.RequestMappingHandlerMapping - Mapped "{[/image/code],methods=[GET]}" onto public void com.oldx.web.controller.system.ValidateCodeController.createCode(javax.servlet.http.HttpServletRequest,javax.servlet.http.HttpServletResponse) throws java.io.IOException
20:55:28.125 sms [restartedMain] INFO  o.s.w.s.m.m.a.RequestMappingHandlerMapping - Mapped "{[/normal/test],methods=[GET]}" onto public java.lang.String com.oldx.web.controller.TestController.test1()
20:55:28.125 sms [restartedMain] INFO  o.s.w.s.m.m.a.RequestMappingHandlerMapping - Mapped "{[/admin/test],methods=[GET]}" onto public java.lang.String com.oldx.web.controller.TestController.test2()
20:55:28.126 sms [restartedMain] INFO  o.s.w.s.m.m.a.RequestMappingHandlerMapping - Mapped "{[/user/list],methods=[GET]}" onto public java.util.Map<java.lang.String, java.lang.Object> com.oldx.web.controller.user.UserController.userList(com.oldx.common.api.PageRequest,com.oldx.mbg.domain.MoliUser)
20:55:28.127 sms [restartedMain] INFO  o.s.w.s.m.m.a.RequestMappingHandlerMapping - Mapped "{[/user/add],methods=[POST]}" onto public com.oldx.common.api.CommonResult com.oldx.web.controller.user.UserController.registerMUser(com.oldx.mbg.domain.MoliUser)
20:55:28.127 sms [restartedMain] INFO  o.s.w.s.m.m.a.RequestMappingHandlerMapping - Mapped "{[/user/update],methods=[POST]}" onto public com.oldx.common.api.CommonResult com.oldx.web.controller.user.UserController.updateMUser(com.oldx.mbg.domain.MoliUser,java.lang.Long[])
20:55:28.132 sms [restartedMain] INFO  o.s.w.s.m.m.a.RequestMappingHandlerMapping - Mapped "{[/swagger-resources/configuration/ui]}" onto public org.springframework.http.ResponseEntity<springfox.documentation.swagger.web.UiConfiguration> springfox.documentation.swagger.web.ApiResourceController.uiConfiguration()
20:55:28.133 sms [restartedMain] INFO  o.s.w.s.m.m.a.RequestMappingHandlerMapping - Mapped "{[/swagger-resources]}" onto public org.springframework.http.ResponseEntity<java.util.List<springfox.documentation.swagger.web.SwaggerResource>> springfox.documentation.swagger.web.ApiResourceController.swaggerResources()
20:55:28.133 sms [restartedMain] INFO  o.s.w.s.m.m.a.RequestMappingHandlerMapping - Mapped "{[/swagger-resources/configuration/security]}" onto public org.springframework.http.ResponseEntity<springfox.documentation.swagger.web.SecurityConfiguration> springfox.documentation.swagger.web.ApiResourceController.securityConfiguration()
20:55:28.137 sms [restartedMain] INFO  o.s.w.s.m.m.a.RequestMappingHandlerMapping - Mapped "{[/error]}" onto public org.springframework.http.ResponseEntity<java.util.Map<java.lang.String, java.lang.Object>> org.springframework.boot.autoconfigure.web.servlet.error.BasicErrorController.error(javax.servlet.http.HttpServletRequest)
20:55:28.137 sms [restartedMain] INFO  o.s.w.s.m.m.a.RequestMappingHandlerMapping - Mapped "{[/error],produces=[text/html]}" onto public org.springframework.web.servlet.ModelAndView org.springframework.boot.autoconfigure.web.servlet.error.BasicErrorController.errorHtml(javax.servlet.http.HttpServletRequest,javax.servlet.http.HttpServletResponse)
20:55:28.532 sms [restartedMain] INFO  c.o.w.c.WebSecurityConfig$$EnhancerBySpringCGLIB$$aaa75b94 - 开始执行securityConfig
20:55:28.698 sms [restartedMain] INFO  o.s.s.web.DefaultSecurityFilterChain - Creating filter chain: org.springframework.security.web.util.matcher.AnyRequestMatcher@1, [org.springframework.security.web.context.request.async.WebAsyncManagerIntegrationFilter@14dc7f45, org.springframework.security.web.context.SecurityContextPersistenceFilter@522af70f, org.springframework.security.web.header.HeaderWriterFilter@6649f10b, org.springframework.security.web.authentication.logout.LogoutFilter@23407a49, org.springframework.security.web.authentication.UsernamePasswordAuthenticationFilter@656c1268, org.springframework.security.web.session.ConcurrentSessionFilter@38d4ba98, org.springframework.security.web.savedrequest.RequestCacheAwareFilter@2f52c6b1, org.springframework.security.web.servletapi.SecurityContextHolderAwareRequestFilter@2c7dd8b8, org.springframework.security.web.authentication.AnonymousAuthenticationFilter@24fcc929, org.springframework.security.web.session.SessionManagementFilter@168426ac, org.springframework.security.web.access.ExceptionTranslationFilter@41b97242, org.springframework.security.web.access.intercept.FilterSecurityInterceptor@6790a8ef]
20:55:28.758 sms [restartedMain] INFO  s.d.s.w.PropertySourcedRequestMappingHandlerMapping - Mapped URL path [/v2/api-docs] onto method [public org.springframework.http.ResponseEntity<springfox.documentation.spring.web.json.Json> springfox.documentation.swagger2.web.Swagger2Controller.getDocumentation(java.lang.String,javax.servlet.http.HttpServletRequest)]
20:55:28.858 sms [restartedMain] INFO  o.s.w.s.h.SimpleUrlHandlerMapping - Mapped URL path [/**/favicon.ico] onto handler of type [class org.springframework.web.servlet.resource.ResourceHttpRequestHandler]
20:55:28.984 sms [restartedMain] INFO  o.s.w.s.m.m.a.RequestMappingHandlerAdapter - Looking for @ControllerAdvice: org.springframework.boot.web.servlet.context.AnnotationConfigServletWebServerApplicationContext@7979eaa4: startup date [Thu Nov 07 20:55:22 CST 2019]; root of context hierarchy
20:55:29.055 sms [restartedMain] INFO  o.s.w.s.h.SimpleUrlHandlerMapping - Mapped URL path [/webjars/**] onto handler of type [class org.springframework.web.servlet.resource.ResourceHttpRequestHandler]
20:55:29.056 sms [restartedMain] INFO  o.s.w.s.h.SimpleUrlHandlerMapping - Mapped URL path [/**] onto handler of type [class org.springframework.web.servlet.resource.ResourceHttpRequestHandler]
20:55:29.225 sms [restartedMain] INFO  o.s.b.a.w.s.WelcomePageHandlerMapping - Adding welcome page template: index
20:55:29.800 sms [restartedMain] INFO  io.lettuce.core.EpollProvider - Starting without optional epoll library
20:55:29.801 sms [restartedMain] INFO  io.lettuce.core.KqueueProvider - Starting without optional kqueue library
20:55:32.786 sms [restartedMain] INFO  o.s.j.e.a.AnnotationMBeanExporter - Unregistering JMX-exposed beans on shutdown
20:55:33.919 sms [restartedMain] INFO  o.a.catalina.core.StandardService - Stopping service [Tomcat]
20:55:33.940 sms [restartedMain] INFO  o.s.b.a.l.ConditionEvaluationReportLoggingListener - 

Error starting ApplicationContext. To display the conditions report re-run your application with 'debug' enabled.
20:56:41.316 sms [restartedMain] INFO  com.oldx.web.OldxWebApplication - Starting OldxWebApplication on LAPTOP-I6P0O8RG with PID 12164 (D:\D_Git_Project_FIle_WorkSpace\moli\moli-web\target\classes started by Old丶x in D:\D_Git_Project_FIle_WorkSpace\moli)
20:56:41.319 sms [restartedMain] INFO  com.oldx.web.OldxWebApplication - No active profile set, falling back to default profiles: default
20:56:41.447 sms [restartedMain] INFO  o.s.b.w.s.c.AnnotationConfigServletWebServerApplicationContext - Refreshing org.springframework.boot.web.servlet.context.AnnotationConfigServletWebServerApplicationContext@44cf61cf: startup date [Thu Nov 07 20:56:41 CST 2019]; root of context hierarchy
20:56:43.023 sms [restartedMain] INFO  o.s.d.r.c.RepositoryConfigurationDelegate - Multiple Spring Data modules found, entering strict repository configuration mode!
20:56:43.499 sms [restartedMain] INFO  o.s.b.f.a.AutowiredAnnotationBeanPostProcessor - JSR-330 'javax.inject.Inject' annotation found and supported for autowiring
20:56:43.621 sms [restartedMain] INFO  o.s.c.s.PostProcessorRegistrationDelegate$BeanPostProcessorChecker - Bean 'org.springframework.transaction.annotation.ProxyTransactionManagementConfiguration' of type [org.springframework.transaction.annotation.ProxyTransactionManagementConfiguration$$EnhancerBySpringCGLIB$$263f3d9d] is not eligible for getting processed by all BeanPostProcessors (for example: not eligible for auto-proxying)
20:56:43.646 sms [restartedMain] INFO  o.s.c.s.PostProcessorRegistrationDelegate$BeanPostProcessorChecker - Bean 'org.springframework.security.config.annotation.configuration.ObjectPostProcessorConfiguration' of type [org.springframework.security.config.annotation.configuration.ObjectPostProcessorConfiguration$$EnhancerBySpringCGLIB$$beed05d7] is not eligible for getting processed by all BeanPostProcessors (for example: not eligible for auto-proxying)
20:56:43.658 sms [restartedMain] INFO  o.s.c.s.PostProcessorRegistrationDelegate$BeanPostProcessorChecker - Bean 'objectPostProcessor' of type [org.springframework.security.config.annotation.configuration.AutowireBeanFactoryObjectPostProcessor] is not eligible for getting processed by all BeanPostProcessors (for example: not eligible for auto-proxying)
20:56:43.661 sms [restartedMain] INFO  o.s.c.s.PostProcessorRegistrationDelegate$BeanPostProcessorChecker - Bean 'org.springframework.security.access.expression.method.DefaultMethodSecurityExpressionHandler@21cfb48f' of type [org.springframework.security.access.expression.method.DefaultMethodSecurityExpressionHandler] is not eligible for getting processed by all BeanPostProcessors (for example: not eligible for auto-proxying)
20:56:43.667 sms [restartedMain] INFO  o.s.c.s.PostProcessorRegistrationDelegate$BeanPostProcessorChecker - Bean 'org.springframework.security.config.annotation.method.configuration.GlobalMethodSecurityConfiguration' of type [org.springframework.security.config.annotation.method.configuration.GlobalMethodSecurityConfiguration$$EnhancerBySpringCGLIB$$e3c1a889] is not eligible for getting processed by all BeanPostProcessors (for example: not eligible for auto-proxying)
20:56:43.676 sms [restartedMain] INFO  o.s.c.s.PostProcessorRegistrationDelegate$BeanPostProcessorChecker - Bean 'methodSecurityMetadataSource' of type [org.springframework.security.access.method.DelegatingMethodSecurityMetadataSource] is not eligible for getting processed by all BeanPostProcessors (for example: not eligible for auto-proxying)
20:56:44.302 sms [restartedMain] INFO  o.s.b.w.e.tomcat.TomcatWebServer - Tomcat initialized with port(s): 8888 (http)
20:56:44.317 sms [restartedMain] INFO  o.a.coyote.http11.Http11NioProtocol - Initializing ProtocolHandler ["http-nio-8888"]
20:56:44.327 sms [restartedMain] INFO  o.a.catalina.core.StandardService - Starting service [Tomcat]
20:56:44.328 sms [restartedMain] INFO  o.a.catalina.core.StandardEngine - Starting Servlet Engine: Apache Tomcat/8.5.32
20:56:44.332 sms [localhost-startStop-1] INFO  o.a.c.core.AprLifecycleListener - The APR based Apache Tomcat Native library which allows optimal performance in production environments was not found on the java.library.path: [C:\Program Files\Java\jdk1.8.0_212\bin;C:\WINDOWS\Sun\Java\bin;C:\WINDOWS\system32;C:\WINDOWS;D:\xshell6\;D:\xftp6\;C:\Program Files\Java\jdk1.8.0_212\bin\;C:\Program Files\Java\jdk1.8.0_212\jre\bin\;C:\Program Files (x86)\Common Files\Oracle\Java\javapath;C:\Windows\system32;C:\Windows;C:\Windows\System32\Wbem;C:\Windows\System32\WindowsPowerShell\v1.0\;C:\Windows\System32\OpenSSH\;C:\Program Files (x86)\NVIDIA Corporation\PhysX\Common;C:\Program Files\NVIDIA Corporation\NVIDIA NGX;C:\Program Files\NVIDIA Corporation\NVIDIA NvDLISR;C:\WINDOWS\system32;C:\WINDOWS;C:\WINDOWS\System32\Wbem;C:\WINDOWS\System32\WindowsPowerShell\v1.0\;C:\WINDOWS\System32\OpenSSH\;D:\mysql-5.7.26-winx64\mysql-5.7.26-winx64\bin;F:\apache-maven-3.3.9\apache-maven-3.3.9\bin;F:\gradle-5.4.1\gradle-5.4.1\bin;D:\MongDb\bin;D:\Program Files\nodejs\node_global;D:\nvm;C:\Program Files\nodejs;%ERLANG_HOME%\bin;D:\Microsoft VS Code\bin;F:\ffmpeg-20180227-fa0c9d6-win64-static\bin;C:\Program Files\Microsoft VS Code\bin;D:\Git\Git\cmd;D:\Git\bin;C:\Users\Old丶x\AppData\Local\Microsoft\WindowsApps;C:\Users\Old丶x\AppData\Roaming\npm;.]
20:56:44.603 sms [localhost-startStop-1] INFO  o.a.c.c.C.[Tomcat].[localhost].[/] - Initializing Spring embedded WebApplicationContext
20:56:44.603 sms [localhost-startStop-1] INFO  o.s.web.context.ContextLoader - Root WebApplicationContext: initialization completed in 3156 ms
20:56:45.133 sms [localhost-startStop-1] INFO  o.s.b.w.s.FilterRegistrationBean - Mapping filter: 'characterEncodingFilter' to: [/*]
20:56:45.134 sms [localhost-startStop-1] INFO  o.s.b.w.s.FilterRegistrationBean - Mapping filter: 'sessionRepositoryFilter' to: [/*]
20:56:45.134 sms [localhost-startStop-1] INFO  o.s.b.w.s.FilterRegistrationBean - Mapping filter: 'hiddenHttpMethodFilter' to: [/*]
20:56:45.134 sms [localhost-startStop-1] INFO  o.s.b.w.s.FilterRegistrationBean - Mapping filter: 'httpPutFormContentFilter' to: [/*]
20:56:45.134 sms [localhost-startStop-1] INFO  o.s.b.w.s.FilterRegistrationBean - Mapping filter: 'requestContextFilter' to: [/*]
20:56:45.135 sms [localhost-startStop-1] INFO  o.s.b.w.s.DelegatingFilterProxyRegistrationBean - Mapping filter: 'springSecurityFilterChain' to: [/*]
20:56:45.135 sms [localhost-startStop-1] INFO  o.s.b.w.s.ServletRegistrationBean - Servlet dispatcherServlet mapped to [/]
20:56:46.255 sms [restartedMain] INFO  o.s.w.s.m.m.a.RequestMappingHandlerMapping - Mapped "{[/index],methods=[GET]}" onto public java.lang.String com.oldx.web.controller.index.IndexController.index(org.springframework.security.core.Authentication,org.springframework.ui.Model)
20:56:46.256 sms [restartedMain] INFO  o.s.w.s.m.m.a.RequestMappingHandlerMapping - Mapped "{[/userlist1],methods=[GET]}" onto public com.oldx.common.api.CommonResult com.oldx.web.controller.index.IndexController.user111()
20:56:46.257 sms [restartedMain] INFO  o.s.w.s.m.m.a.RequestMappingHandlerMapping - Mapped "{[/userlist],methods=[GET]}" onto public com.oldx.common.api.CommonResult com.oldx.web.controller.index.IndexController.user()
20:56:46.258 sms [restartedMain] INFO  o.s.w.s.m.m.a.RequestMappingHandlerMapping - Mapped "{[/authentication/login]}" onto public com.oldx.common.api.CommonResult com.oldx.web.controller.system.BrowserSecurityController.requireAuthentication(javax.servlet.http.HttpServletRequest,javax.servlet.http.HttpServletResponse) throws java.io.IOException
20:56:46.258 sms [restartedMain] INFO  o.s.w.s.m.m.a.RequestMappingHandlerMapping - Mapped "{[/exception/403],methods=[GET]}" onto public java.lang.String com.oldx.web.controller.system.CommonController.unAuthorin()
20:56:46.259 sms [restartedMain] INFO  o.s.w.s.m.m.a.RequestMappingHandlerMapping - Mapped "{[/login],methods=[GET]}" onto public java.lang.String com.oldx.web.controller.system.LoginController.login(javax.servlet.http.HttpServletRequest,javax.servlet.http.HttpServletResponse)
20:56:46.259 sms [restartedMain] INFO  o.s.w.s.m.m.a.RequestMappingHandlerMapping - Mapped "{[/image/code],methods=[GET]}" onto public void com.oldx.web.controller.system.ValidateCodeController.createCode(javax.servlet.http.HttpServletRequest,javax.servlet.http.HttpServletResponse) throws java.io.IOException
20:56:46.260 sms [restartedMain] INFO  o.s.w.s.m.m.a.RequestMappingHandlerMapping - Mapped "{[/admin/test],methods=[GET]}" onto public java.lang.String com.oldx.web.controller.TestController.test2()
20:56:46.260 sms [restartedMain] INFO  o.s.w.s.m.m.a.RequestMappingHandlerMapping - Mapped "{[/normal/test],methods=[GET]}" onto public java.lang.String com.oldx.web.controller.TestController.test1()
20:56:46.261 sms [restartedMain] INFO  o.s.w.s.m.m.a.RequestMappingHandlerMapping - Mapped "{[/user/update],methods=[POST]}" onto public com.oldx.common.api.CommonResult com.oldx.web.controller.user.UserController.updateMUser(com.oldx.mbg.domain.MoliUser,java.lang.Long[])
20:56:46.261 sms [restartedMain] INFO  o.s.w.s.m.m.a.RequestMappingHandlerMapping - Mapped "{[/user/add],methods=[POST]}" onto public com.oldx.common.api.CommonResult com.oldx.web.controller.user.UserController.registerMUser(com.oldx.mbg.domain.MoliUser)
20:56:46.261 sms [restartedMain] INFO  o.s.w.s.m.m.a.RequestMappingHandlerMapping - Mapped "{[/user/list],methods=[GET]}" onto public java.util.Map<java.lang.String, java.lang.Object> com.oldx.web.controller.user.UserController.userList(com.oldx.common.api.PageRequest,com.oldx.mbg.domain.MoliUser)
20:56:46.267 sms [restartedMain] INFO  o.s.w.s.m.m.a.RequestMappingHandlerMapping - Mapped "{[/swagger-resources/configuration/ui]}" onto public org.springframework.http.ResponseEntity<springfox.documentation.swagger.web.UiConfiguration> springfox.documentation.swagger.web.ApiResourceController.uiConfiguration()
20:56:46.268 sms [restartedMain] INFO  o.s.w.s.m.m.a.RequestMappingHandlerMapping - Mapped "{[/swagger-resources]}" onto public org.springframework.http.ResponseEntity<java.util.List<springfox.documentation.swagger.web.SwaggerResource>> springfox.documentation.swagger.web.ApiResourceController.swaggerResources()
20:56:46.270 sms [restartedMain] INFO  o.s.w.s.m.m.a.RequestMappingHandlerMapping - Mapped "{[/swagger-resources/configuration/security]}" onto public org.springframework.http.ResponseEntity<springfox.documentation.swagger.web.SecurityConfiguration> springfox.documentation.swagger.web.ApiResourceController.securityConfiguration()
20:56:46.273 sms [restartedMain] INFO  o.s.w.s.m.m.a.RequestMappingHandlerMapping - Mapped "{[/error]}" onto public org.springframework.http.ResponseEntity<java.util.Map<java.lang.String, java.lang.Object>> org.springframework.boot.autoconfigure.web.servlet.error.BasicErrorController.error(javax.servlet.http.HttpServletRequest)
20:56:46.273 sms [restartedMain] INFO  o.s.w.s.m.m.a.RequestMappingHandlerMapping - Mapped "{[/error],produces=[text/html]}" onto public org.springframework.web.servlet.ModelAndView org.springframework.boot.autoconfigure.web.servlet.error.BasicErrorController.errorHtml(javax.servlet.http.HttpServletRequest,javax.servlet.http.HttpServletResponse)
20:56:46.647 sms [restartedMain] INFO  c.o.w.c.WebSecurityConfig$$EnhancerBySpringCGLIB$$42d33096 - 开始执行securityConfig
20:56:46.821 sms [restartedMain] INFO  o.s.s.web.DefaultSecurityFilterChain - Creating filter chain: org.springframework.security.web.util.matcher.AnyRequestMatcher@1, [org.springframework.security.web.context.request.async.WebAsyncManagerIntegrationFilter@68f2ad8e, org.springframework.security.web.context.SecurityContextPersistenceFilter@761e2741, org.springframework.security.web.header.HeaderWriterFilter@2e1cbb9f, org.springframework.security.web.authentication.logout.LogoutFilter@133e4958, org.springframework.security.web.authentication.UsernamePasswordAuthenticationFilter@203dbf6a, org.springframework.security.web.session.ConcurrentSessionFilter@9314a18, org.springframework.security.web.savedrequest.RequestCacheAwareFilter@334ad9d0, org.springframework.security.web.servletapi.SecurityContextHolderAwareRequestFilter@363f8fb3, org.springframework.security.web.authentication.AnonymousAuthenticationFilter@27d0a0d1, org.springframework.security.web.session.SessionManagementFilter@549e4626, org.springframework.security.web.access.ExceptionTranslationFilter@4f5b63ad, org.springframework.security.web.access.intercept.FilterSecurityInterceptor@3de6362f]
20:56:46.878 sms [restartedMain] INFO  s.d.s.w.PropertySourcedRequestMappingHandlerMapping - Mapped URL path [/v2/api-docs] onto method [public org.springframework.http.ResponseEntity<springfox.documentation.spring.web.json.Json> springfox.documentation.swagger2.web.Swagger2Controller.getDocumentation(java.lang.String,javax.servlet.http.HttpServletRequest)]
20:56:46.977 sms [restartedMain] INFO  o.s.w.s.h.SimpleUrlHandlerMapping - Mapped URL path [/**/favicon.ico] onto handler of type [class org.springframework.web.servlet.resource.ResourceHttpRequestHandler]
20:56:47.087 sms [restartedMain] INFO  o.s.w.s.m.m.a.RequestMappingHandlerAdapter - Looking for @ControllerAdvice: org.springframework.boot.web.servlet.context.AnnotationConfigServletWebServerApplicationContext@44cf61cf: startup date [Thu Nov 07 20:56:41 CST 2019]; root of context hierarchy
20:56:47.156 sms [restartedMain] INFO  o.s.w.s.h.SimpleUrlHandlerMapping - Mapped URL path [/webjars/**] onto handler of type [class org.springframework.web.servlet.resource.ResourceHttpRequestHandler]
20:56:47.156 sms [restartedMain] INFO  o.s.w.s.h.SimpleUrlHandlerMapping - Mapped URL path [/**] onto handler of type [class org.springframework.web.servlet.resource.ResourceHttpRequestHandler]
20:56:47.327 sms [restartedMain] INFO  o.s.b.a.w.s.WelcomePageHandlerMapping - Adding welcome page template: index
20:56:47.851 sms [restartedMain] INFO  io.lettuce.core.EpollProvider - Starting without optional epoll library
20:56:47.853 sms [restartedMain] INFO  io.lettuce.core.KqueueProvider - Starting without optional kqueue library
20:56:50.055 sms [restartedMain] INFO  o.s.b.d.a.OptionalLiveReloadServer - LiveReload server is running on port 35729
20:56:50.132 sms [restartedMain] INFO  o.s.j.e.a.AnnotationMBeanExporter - Registering beans for JMX exposure on startup
20:56:50.135 sms [restartedMain] INFO  o.s.j.e.a.AnnotationMBeanExporter - Bean with name 'dataSource' has been autodetected for JMX exposure
20:56:50.148 sms [restartedMain] INFO  o.s.j.e.a.AnnotationMBeanExporter - Located MBean 'dataSource': registering with JMX server as MBean [com.zaxxer.hikari:name=dataSource,type=HikariDataSource]
20:56:50.155 sms [restartedMain] INFO  o.s.c.s.DefaultLifecycleProcessor - Starting beans in phase 2147483647
20:56:50.156 sms [restartedMain] INFO  s.d.s.w.p.DocumentationPluginsBootstrapper - Context refreshed
20:56:50.174 sms [restartedMain] INFO  s.d.s.w.p.DocumentationPluginsBootstrapper - Found 1 custom documentation plugin(s)
20:56:50.219 sms [restartedMain] INFO  s.d.s.w.s.ApiListingReferenceScanner - Scanning for api listing references
20:56:50.569 sms [restartedMain] INFO  o.s.s.a.ScheduledAnnotationBeanPostProcessor - No TaskScheduler/ScheduledExecutorService bean found for scheduled processing
20:56:50.578 sms [restartedMain] INFO  o.a.coyote.http11.Http11NioProtocol - Starting ProtocolHandler ["http-nio-8888"]
20:56:50.581 sms [restartedMain] INFO  o.a.tomcat.util.net.NioSelectorPool - Using a shared selector for servlet write/read
20:56:50.601 sms [restartedMain] INFO  o.s.b.w.e.tomcat.TomcatWebServer - Tomcat started on port(s): 8888 (http) with context path ''
20:56:50.606 sms [restartedMain] INFO  com.oldx.web.OldxWebApplication - Started OldxWebApplication in 10.181 seconds (JVM running for 12.74)
20:56:50.619 sms [restartedMain] INFO  com.oldx.web.OldxWebApplication - 《《《《《《 MOLI started up successfully at 2019-11-07 20:56:50.619 》》》》》》
20:57:17.558 sms [http-nio-8888-exec-1] INFO  o.a.c.c.C.[Tomcat].[localhost].[/] - Initializing Spring FrameworkServlet 'dispatcherServlet'
20:57:17.558 sms [http-nio-8888-exec-1] INFO  o.s.web.servlet.DispatcherServlet - FrameworkServlet 'dispatcherServlet': initialization started
20:57:17.603 sms [http-nio-8888-exec-1] INFO  o.s.web.servlet.DispatcherServlet - FrameworkServlet 'dispatcherServlet': initialization completed in 45 ms
20:57:17.721 sms [http-nio-8888-exec-2] INFO  c.o.w.c.system.LoginController - 引发跳转的请求是：http://localhost:8888/
20:58:23.370 sms [Thread-23] INFO  o.s.b.w.s.c.AnnotationConfigServletWebServerApplicationContext - Closing org.springframework.boot.web.servlet.context.AnnotationConfigServletWebServerApplicationContext@44cf61cf: startup date [Thu Nov 07 20:56:41 CST 2019]; root of context hierarchy
20:58:23.374 sms [Thread-23] INFO  o.s.c.s.DefaultLifecycleProcessor - Stopping beans in phase 2147483647
20:58:23.383 sms [Thread-23] INFO  o.s.j.e.a.AnnotationMBeanExporter - Unregistering JMX-exposed beans on shutdown
20:58:23.384 sms [Thread-23] INFO  o.s.j.e.a.AnnotationMBeanExporter - Unregistering JMX-exposed beans
20:58:26.170 sms [restartedMain] INFO  com.oldx.web.OldxWebApplication - Starting OldxWebApplication on LAPTOP-I6P0O8RG with PID 12164 (D:\D_Git_Project_FIle_WorkSpace\moli\moli-web\target\classes started by Old丶x in D:\D_Git_Project_FIle_WorkSpace\moli)
20:58:26.170 sms [restartedMain] INFO  com.oldx.web.OldxWebApplication - No active profile set, falling back to default profiles: default
20:58:26.174 sms [restartedMain] INFO  o.s.b.w.s.c.AnnotationConfigServletWebServerApplicationContext - Refreshing org.springframework.boot.web.servlet.context.AnnotationConfigServletWebServerApplicationContext@b841cf6: startup date [Thu Nov 07 20:58:26 CST 2019]; root of context hierarchy
20:58:27.086 sms [restartedMain] INFO  o.s.d.r.c.RepositoryConfigurationDelegate - Multiple Spring Data modules found, entering strict repository configuration mode!
20:58:27.216 sms [restartedMain] INFO  o.s.b.f.a.AutowiredAnnotationBeanPostProcessor - JSR-330 'javax.inject.Inject' annotation found and supported for autowiring
20:58:27.231 sms [restartedMain] INFO  o.s.c.s.PostProcessorRegistrationDelegate$BeanPostProcessorChecker - Bean 'org.springframework.transaction.annotation.ProxyTransactionManagementConfiguration' of type [org.springframework.transaction.annotation.ProxyTransactionManagementConfiguration$$EnhancerBySpringCGLIB$$263f3d9d] is not eligible for getting processed by all BeanPostProcessors (for example: not eligible for auto-proxying)
20:58:27.238 sms [restartedMain] INFO  o.s.c.s.PostProcessorRegistrationDelegate$BeanPostProcessorChecker - Bean 'org.springframework.security.config.annotation.configuration.ObjectPostProcessorConfiguration' of type [org.springframework.security.config.annotation.configuration.ObjectPostProcessorConfiguration$$EnhancerBySpringCGLIB$$beed05d7] is not eligible for getting processed by all BeanPostProcessors (for example: not eligible for auto-proxying)
20:58:27.240 sms [restartedMain] INFO  o.s.c.s.PostProcessorRegistrationDelegate$BeanPostProcessorChecker - Bean 'objectPostProcessor' of type [org.springframework.security.config.annotation.configuration.AutowireBeanFactoryObjectPostProcessor] is not eligible for getting processed by all BeanPostProcessors (for example: not eligible for auto-proxying)
20:58:27.240 sms [restartedMain] INFO  o.s.c.s.PostProcessorRegistrationDelegate$BeanPostProcessorChecker - Bean 'org.springframework.security.access.expression.method.DefaultMethodSecurityExpressionHandler@2f13c52c' of type [org.springframework.security.access.expression.method.DefaultMethodSecurityExpressionHandler] is not eligible for getting processed by all BeanPostProcessors (for example: not eligible for auto-proxying)
20:58:27.241 sms [restartedMain] INFO  o.s.c.s.PostProcessorRegistrationDelegate$BeanPostProcessorChecker - Bean 'org.springframework.security.config.annotation.method.configuration.GlobalMethodSecurityConfiguration' of type [org.springframework.security.config.annotation.method.configuration.GlobalMethodSecurityConfiguration$$EnhancerBySpringCGLIB$$e3c1a889] is not eligible for getting processed by all BeanPostProcessors (for example: not eligible for auto-proxying)
20:58:27.242 sms [restartedMain] INFO  o.s.c.s.PostProcessorRegistrationDelegate$BeanPostProcessorChecker - Bean 'methodSecurityMetadataSource' of type [org.springframework.security.access.method.DelegatingMethodSecurityMetadataSource] is not eligible for getting processed by all BeanPostProcessors (for example: not eligible for auto-proxying)
20:58:27.484 sms [restartedMain] INFO  o.s.b.w.e.tomcat.TomcatWebServer - Tomcat initialized with port(s): 8888 (http)
20:58:27.485 sms [restartedMain] INFO  o.a.coyote.http11.Http11NioProtocol - Initializing ProtocolHandler ["http-nio-8888"]
20:58:27.487 sms [restartedMain] INFO  o.a.catalina.core.StandardService - Starting service [Tomcat]
20:58:27.487 sms [restartedMain] INFO  o.a.catalina.core.StandardEngine - Starting Servlet Engine: Apache Tomcat/8.5.32
20:58:27.549 sms [localhost-startStop-1] INFO  o.a.c.c.C.[Tomcat].[localhost].[/] - Initializing Spring embedded WebApplicationContext
20:58:27.550 sms [localhost-startStop-1] INFO  o.s.web.context.ContextLoader - Root WebApplicationContext: initialization completed in 1376 ms
20:58:27.650 sms [localhost-startStop-1] INFO  o.s.b.w.s.FilterRegistrationBean - Mapping filter: 'characterEncodingFilter' to: [/*]
20:58:27.651 sms [localhost-startStop-1] INFO  o.s.b.w.s.FilterRegistrationBean - Mapping filter: 'sessionRepositoryFilter' to: [/*]
20:58:27.651 sms [localhost-startStop-1] INFO  o.s.b.w.s.FilterRegistrationBean - Mapping filter: 'hiddenHttpMethodFilter' to: [/*]
20:58:27.651 sms [localhost-startStop-1] INFO  o.s.b.w.s.FilterRegistrationBean - Mapping filter: 'httpPutFormContentFilter' to: [/*]
20:58:27.651 sms [localhost-startStop-1] INFO  o.s.b.w.s.FilterRegistrationBean - Mapping filter: 'requestContextFilter' to: [/*]
20:58:27.651 sms [localhost-startStop-1] INFO  o.s.b.w.s.DelegatingFilterProxyRegistrationBean - Mapping filter: 'springSecurityFilterChain' to: [/*]
20:58:27.651 sms [localhost-startStop-1] INFO  o.s.b.w.s.ServletRegistrationBean - Servlet dispatcherServlet mapped to [/]
20:58:28.045 sms [restartedMain] INFO  o.s.w.s.m.m.a.RequestMappingHandlerMapping - Mapped "{[/index],methods=[GET]}" onto public java.lang.String com.oldx.web.controller.index.IndexController.index(org.springframework.security.core.Authentication,org.springframework.ui.Model)
20:58:28.045 sms [restartedMain] INFO  o.s.w.s.m.m.a.RequestMappingHandlerMapping - Mapped "{[/userlist1],methods=[GET]}" onto public com.oldx.common.api.CommonResult com.oldx.web.controller.index.IndexController.user111()
20:58:28.046 sms [restartedMain] INFO  o.s.w.s.m.m.a.RequestMappingHandlerMapping - Mapped "{[/userlist],methods=[GET]}" onto public com.oldx.common.api.CommonResult com.oldx.web.controller.index.IndexController.user()
20:58:28.046 sms [restartedMain] INFO  o.s.w.s.m.m.a.RequestMappingHandlerMapping - Mapped "{[/authentication/login]}" onto public com.oldx.common.api.CommonResult com.oldx.web.controller.system.BrowserSecurityController.requireAuthentication(javax.servlet.http.HttpServletRequest,javax.servlet.http.HttpServletResponse) throws java.io.IOException
20:58:28.046 sms [restartedMain] INFO  o.s.w.s.m.m.a.RequestMappingHandlerMapping - Mapped "{[/exception/403],methods=[GET]}" onto public java.lang.String com.oldx.web.controller.system.CommonController.unAuthorin()
20:58:28.047 sms [restartedMain] INFO  o.s.w.s.m.m.a.RequestMappingHandlerMapping - Mapped "{[/login],methods=[GET]}" onto public java.lang.String com.oldx.web.controller.system.LoginController.login(javax.servlet.http.HttpServletRequest,javax.servlet.http.HttpServletResponse)
20:58:28.047 sms [restartedMain] INFO  o.s.w.s.m.m.a.RequestMappingHandlerMapping - Mapped "{[/image/code],methods=[GET]}" onto public void com.oldx.web.controller.system.ValidateCodeController.createCode(javax.servlet.http.HttpServletRequest,javax.servlet.http.HttpServletResponse) throws java.io.IOException
20:58:28.048 sms [restartedMain] INFO  o.s.w.s.m.m.a.RequestMappingHandlerMapping - Mapped "{[/admin/test],methods=[GET]}" onto public java.lang.String com.oldx.web.controller.TestController.test2()
20:58:28.048 sms [restartedMain] INFO  o.s.w.s.m.m.a.RequestMappingHandlerMapping - Mapped "{[/normal/test],methods=[GET]}" onto public java.lang.String com.oldx.web.controller.TestController.test1()
20:58:28.049 sms [restartedMain] INFO  o.s.w.s.m.m.a.RequestMappingHandlerMapping - Mapped "{[/user/update],methods=[POST]}" onto public com.oldx.common.api.CommonResult com.oldx.web.controller.user.UserController.updateMUser(com.oldx.mbg.domain.MoliUser,java.lang.Long[])
20:58:28.049 sms [restartedMain] INFO  o.s.w.s.m.m.a.RequestMappingHandlerMapping - Mapped "{[/user/add],methods=[POST]}" onto public com.oldx.common.api.CommonResult com.oldx.web.controller.user.UserController.registerMUser(com.oldx.mbg.domain.MoliUser)
20:58:28.050 sms [restartedMain] INFO  o.s.w.s.m.m.a.RequestMappingHandlerMapping - Mapped "{[/user/list],methods=[GET]}" onto public java.util.Map<java.lang.String, java.lang.Object> com.oldx.web.controller.user.UserController.userList(com.oldx.common.api.PageRequest,com.oldx.mbg.domain.MoliUser)
20:58:28.052 sms [restartedMain] INFO  o.s.w.s.m.m.a.RequestMappingHandlerMapping - Mapped "{[/swagger-resources/configuration/ui]}" onto public org.springframework.http.ResponseEntity<springfox.documentation.swagger.web.UiConfiguration> springfox.documentation.swagger.web.ApiResourceController.uiConfiguration()
20:58:28.052 sms [restartedMain] INFO  o.s.w.s.m.m.a.RequestMappingHandlerMapping - Mapped "{[/swagger-resources]}" onto public org.springframework.http.ResponseEntity<java.util.List<springfox.documentation.swagger.web.SwaggerResource>> springfox.documentation.swagger.web.ApiResourceController.swaggerResources()
20:58:28.052 sms [restartedMain] INFO  o.s.w.s.m.m.a.RequestMappingHandlerMapping - Mapped "{[/swagger-resources/configuration/security]}" onto public org.springframework.http.ResponseEntity<springfox.documentation.swagger.web.SecurityConfiguration> springfox.documentation.swagger.web.ApiResourceController.securityConfiguration()
20:58:28.055 sms [restartedMain] INFO  o.s.w.s.m.m.a.RequestMappingHandlerMapping - Mapped "{[/error]}" onto public org.springframework.http.ResponseEntity<java.util.Map<java.lang.String, java.lang.Object>> org.springframework.boot.autoconfigure.web.servlet.error.BasicErrorController.error(javax.servlet.http.HttpServletRequest)
20:58:28.055 sms [restartedMain] INFO  o.s.w.s.m.m.a.RequestMappingHandlerMapping - Mapped "{[/error],produces=[text/html]}" onto public org.springframework.web.servlet.ModelAndView org.springframework.boot.autoconfigure.web.servlet.error.BasicErrorController.errorHtml(javax.servlet.http.HttpServletRequest,javax.servlet.http.HttpServletResponse)
20:58:28.195 sms [restartedMain] INFO  c.o.w.c.WebSecurityConfig$$EnhancerBySpringCGLIB$$42d33096 - 开始执行securityConfig
20:58:28.213 sms [restartedMain] INFO  o.a.catalina.core.StandardService - Stopping service [Tomcat]
20:58:28.224 sms [restartedMain] INFO  o.s.b.a.l.ConditionEvaluationReportLoggingListener - 

Error starting ApplicationContext. To display the conditions report re-run your application with 'debug' enabled.
20:59:07.239 sms [restartedMain] INFO  com.oldx.web.OldxWebApplication - Starting OldxWebApplication on LAPTOP-I6P0O8RG with PID 20244 (D:\D_Git_Project_FIle_WorkSpace\moli\moli-web\target\classes started by Old丶x in D:\D_Git_Project_FIle_WorkSpace\moli)
20:59:07.241 sms [restartedMain] INFO  com.oldx.web.OldxWebApplication - No active profile set, falling back to default profiles: default
20:59:07.427 sms [restartedMain] INFO  o.s.b.w.s.c.AnnotationConfigServletWebServerApplicationContext - Refreshing org.springframework.boot.web.servlet.context.AnnotationConfigServletWebServerApplicationContext@3193f098: startup date [Thu Nov 07 20:59:07 CST 2019]; root of context hierarchy
20:59:09.085 sms [restartedMain] INFO  o.s.d.r.c.RepositoryConfigurationDelegate - Multiple Spring Data modules found, entering strict repository configuration mode!
20:59:09.624 sms [restartedMain] INFO  o.s.b.f.a.AutowiredAnnotationBeanPostProcessor - JSR-330 'javax.inject.Inject' annotation found and supported for autowiring
20:59:09.766 sms [restartedMain] INFO  o.s.c.s.PostProcessorRegistrationDelegate$BeanPostProcessorChecker - Bean 'org.springframework.transaction.annotation.ProxyTransactionManagementConfiguration' of type [org.springframework.transaction.annotation.ProxyTransactionManagementConfiguration$$EnhancerBySpringCGLIB$$278c1c04] is not eligible for getting processed by all BeanPostProcessors (for example: not eligible for auto-proxying)
20:59:09.788 sms [restartedMain] INFO  o.s.c.s.PostProcessorRegistrationDelegate$BeanPostProcessorChecker - Bean 'org.springframework.security.config.annotation.configuration.ObjectPostProcessorConfiguration' of type [org.springframework.security.config.annotation.configuration.ObjectPostProcessorConfiguration$$EnhancerBySpringCGLIB$$c039e43e] is not eligible for getting processed by all BeanPostProcessors (for example: not eligible for auto-proxying)
20:59:09.801 sms [restartedMain] INFO  o.s.c.s.PostProcessorRegistrationDelegate$BeanPostProcessorChecker - Bean 'objectPostProcessor' of type [org.springframework.security.config.annotation.configuration.AutowireBeanFactoryObjectPostProcessor] is not eligible for getting processed by all BeanPostProcessors (for example: not eligible for auto-proxying)
20:59:09.804 sms [restartedMain] INFO  o.s.c.s.PostProcessorRegistrationDelegate$BeanPostProcessorChecker - Bean 'org.springframework.security.access.expression.method.DefaultMethodSecurityExpressionHandler@797502e4' of type [org.springframework.security.access.expression.method.DefaultMethodSecurityExpressionHandler] is not eligible for getting processed by all BeanPostProcessors (for example: not eligible for auto-proxying)
20:59:09.815 sms [restartedMain] INFO  o.s.c.s.PostProcessorRegistrationDelegate$BeanPostProcessorChecker - Bean 'org.springframework.security.config.annotation.method.configuration.GlobalMethodSecurityConfiguration' of type [org.springframework.security.config.annotation.method.configuration.GlobalMethodSecurityConfiguration$$EnhancerBySpringCGLIB$$e50e86f0] is not eligible for getting processed by all BeanPostProcessors (for example: not eligible for auto-proxying)
20:59:09.826 sms [restartedMain] INFO  o.s.c.s.PostProcessorRegistrationDelegate$BeanPostProcessorChecker - Bean 'methodSecurityMetadataSource' of type [org.springframework.security.access.method.DelegatingMethodSecurityMetadataSource] is not eligible for getting processed by all BeanPostProcessors (for example: not eligible for auto-proxying)
20:59:10.698 sms [restartedMain] INFO  o.s.b.w.e.tomcat.TomcatWebServer - Tomcat initialized with port(s): 8888 (http)
20:59:10.717 sms [restartedMain] INFO  o.a.coyote.http11.Http11NioProtocol - Initializing ProtocolHandler ["http-nio-8888"]
20:59:10.732 sms [restartedMain] INFO  o.a.catalina.core.StandardService - Starting service [Tomcat]
20:59:10.733 sms [restartedMain] INFO  o.a.catalina.core.StandardEngine - Starting Servlet Engine: Apache Tomcat/8.5.32
20:59:10.739 sms [localhost-startStop-1] INFO  o.a.c.core.AprLifecycleListener - The APR based Apache Tomcat Native library which allows optimal performance in production environments was not found on the java.library.path: [C:\Program Files\Java\jdk1.8.0_212\bin;C:\WINDOWS\Sun\Java\bin;C:\WINDOWS\system32;C:\WINDOWS;D:\xshell6\;D:\xftp6\;C:\Program Files\Java\jdk1.8.0_212\bin\;C:\Program Files\Java\jdk1.8.0_212\jre\bin\;C:\Program Files (x86)\Common Files\Oracle\Java\javapath;C:\Windows\system32;C:\Windows;C:\Windows\System32\Wbem;C:\Windows\System32\WindowsPowerShell\v1.0\;C:\Windows\System32\OpenSSH\;C:\Program Files (x86)\NVIDIA Corporation\PhysX\Common;C:\Program Files\NVIDIA Corporation\NVIDIA NGX;C:\Program Files\NVIDIA Corporation\NVIDIA NvDLISR;C:\WINDOWS\system32;C:\WINDOWS;C:\WINDOWS\System32\Wbem;C:\WINDOWS\System32\WindowsPowerShell\v1.0\;C:\WINDOWS\System32\OpenSSH\;D:\mysql-5.7.26-winx64\mysql-5.7.26-winx64\bin;F:\apache-maven-3.3.9\apache-maven-3.3.9\bin;F:\gradle-5.4.1\gradle-5.4.1\bin;D:\MongDb\bin;D:\Program Files\nodejs\node_global;D:\nvm;C:\Program Files\nodejs;%ERLANG_HOME%\bin;D:\Microsoft VS Code\bin;F:\ffmpeg-20180227-fa0c9d6-win64-static\bin;C:\Program Files\Microsoft VS Code\bin;D:\Git\Git\cmd;D:\Git\bin;C:\Users\Old丶x\AppData\Local\Microsoft\WindowsApps;C:\Users\Old丶x\AppData\Roaming\npm;.]
20:59:11.100 sms [localhost-startStop-1] INFO  o.a.c.c.C.[Tomcat].[localhost].[/] - Initializing Spring embedded WebApplicationContext
20:59:11.100 sms [localhost-startStop-1] INFO  o.s.web.context.ContextLoader - Root WebApplicationContext: initialization completed in 3673 ms
20:59:11.691 sms [localhost-startStop-1] INFO  o.s.b.w.s.FilterRegistrationBean - Mapping filter: 'characterEncodingFilter' to: [/*]
20:59:11.691 sms [localhost-startStop-1] INFO  o.s.b.w.s.FilterRegistrationBean - Mapping filter: 'sessionRepositoryFilter' to: [/*]
20:59:11.691 sms [localhost-startStop-1] INFO  o.s.b.w.s.FilterRegistrationBean - Mapping filter: 'hiddenHttpMethodFilter' to: [/*]
20:59:11.692 sms [localhost-startStop-1] INFO  o.s.b.w.s.FilterRegistrationBean - Mapping filter: 'httpPutFormContentFilter' to: [/*]
20:59:11.692 sms [localhost-startStop-1] INFO  o.s.b.w.s.FilterRegistrationBean - Mapping filter: 'requestContextFilter' to: [/*]
20:59:11.692 sms [localhost-startStop-1] INFO  o.s.b.w.s.DelegatingFilterProxyRegistrationBean - Mapping filter: 'springSecurityFilterChain' to: [/*]
20:59:11.693 sms [localhost-startStop-1] INFO  o.s.b.w.s.ServletRegistrationBean - Servlet dispatcherServlet mapped to [/]
20:59:12.828 sms [restartedMain] INFO  o.s.w.s.m.m.a.RequestMappingHandlerMapping - Mapped "{[/index],methods=[GET]}" onto public java.lang.String com.oldx.web.controller.index.IndexController.index(org.springframework.security.core.Authentication,org.springframework.ui.Model)
20:59:12.829 sms [restartedMain] INFO  o.s.w.s.m.m.a.RequestMappingHandlerMapping - Mapped "{[/userlist],methods=[GET]}" onto public com.oldx.common.api.CommonResult com.oldx.web.controller.index.IndexController.user()
20:59:12.829 sms [restartedMain] INFO  o.s.w.s.m.m.a.RequestMappingHandlerMapping - Mapped "{[/userlist1],methods=[GET]}" onto public com.oldx.common.api.CommonResult com.oldx.web.controller.index.IndexController.user111()
20:59:12.831 sms [restartedMain] INFO  o.s.w.s.m.m.a.RequestMappingHandlerMapping - Mapped "{[/authentication/login]}" onto public com.oldx.common.api.CommonResult com.oldx.web.controller.system.BrowserSecurityController.requireAuthentication(javax.servlet.http.HttpServletRequest,javax.servlet.http.HttpServletResponse) throws java.io.IOException
20:59:12.831 sms [restartedMain] INFO  o.s.w.s.m.m.a.RequestMappingHandlerMapping - Mapped "{[/exception/403],methods=[GET]}" onto public java.lang.String com.oldx.web.controller.system.CommonController.unAuthorin()
20:59:12.831 sms [restartedMain] INFO  o.s.w.s.m.m.a.RequestMappingHandlerMapping - Mapped "{[/login],methods=[GET]}" onto public java.lang.String com.oldx.web.controller.system.LoginController.login(javax.servlet.http.HttpServletRequest,javax.servlet.http.HttpServletResponse)
20:59:12.832 sms [restartedMain] INFO  o.s.w.s.m.m.a.RequestMappingHandlerMapping - Mapped "{[/image/code],methods=[GET]}" onto public void com.oldx.web.controller.system.ValidateCodeController.createCode(javax.servlet.http.HttpServletRequest,javax.servlet.http.HttpServletResponse) throws java.io.IOException
20:59:12.833 sms [restartedMain] INFO  o.s.w.s.m.m.a.RequestMappingHandlerMapping - Mapped "{[/normal/test],methods=[GET]}" onto public java.lang.String com.oldx.web.controller.TestController.test1()
20:59:12.833 sms [restartedMain] INFO  o.s.w.s.m.m.a.RequestMappingHandlerMapping - Mapped "{[/admin/test],methods=[GET]}" onto public java.lang.String com.oldx.web.controller.TestController.test2()
20:59:12.834 sms [restartedMain] INFO  o.s.w.s.m.m.a.RequestMappingHandlerMapping - Mapped "{[/user/list],methods=[GET]}" onto public java.util.Map<java.lang.String, java.lang.Object> com.oldx.web.controller.user.UserController.userList(com.oldx.common.api.PageRequest,com.oldx.mbg.domain.MoliUser)
20:59:12.834 sms [restartedMain] INFO  o.s.w.s.m.m.a.RequestMappingHandlerMapping - Mapped "{[/user/add],methods=[POST]}" onto public com.oldx.common.api.CommonResult com.oldx.web.controller.user.UserController.registerMUser(com.oldx.mbg.domain.MoliUser)
20:59:12.834 sms [restartedMain] INFO  o.s.w.s.m.m.a.RequestMappingHandlerMapping - Mapped "{[/user/update],methods=[POST]}" onto public com.oldx.common.api.CommonResult com.oldx.web.controller.user.UserController.updateMUser(com.oldx.mbg.domain.MoliUser,java.lang.Long[])
20:59:12.839 sms [restartedMain] INFO  o.s.w.s.m.m.a.RequestMappingHandlerMapping - Mapped "{[/swagger-resources/configuration/ui]}" onto public org.springframework.http.ResponseEntity<springfox.documentation.swagger.web.UiConfiguration> springfox.documentation.swagger.web.ApiResourceController.uiConfiguration()
20:59:12.840 sms [restartedMain] INFO  o.s.w.s.m.m.a.RequestMappingHandlerMapping - Mapped "{[/swagger-resources]}" onto public org.springframework.http.ResponseEntity<java.util.List<springfox.documentation.swagger.web.SwaggerResource>> springfox.documentation.swagger.web.ApiResourceController.swaggerResources()
20:59:12.841 sms [restartedMain] INFO  o.s.w.s.m.m.a.RequestMappingHandlerMapping - Mapped "{[/swagger-resources/configuration/security]}" onto public org.springframework.http.ResponseEntity<springfox.documentation.swagger.web.SecurityConfiguration> springfox.documentation.swagger.web.ApiResourceController.securityConfiguration()
20:59:12.844 sms [restartedMain] INFO  o.s.w.s.m.m.a.RequestMappingHandlerMapping - Mapped "{[/error]}" onto public org.springframework.http.ResponseEntity<java.util.Map<java.lang.String, java.lang.Object>> org.springframework.boot.autoconfigure.web.servlet.error.BasicErrorController.error(javax.servlet.http.HttpServletRequest)
20:59:12.845 sms [restartedMain] INFO  o.s.w.s.m.m.a.RequestMappingHandlerMapping - Mapped "{[/error],produces=[text/html]}" onto public org.springframework.web.servlet.ModelAndView org.springframework.boot.autoconfigure.web.servlet.error.BasicErrorController.errorHtml(javax.servlet.http.HttpServletRequest,javax.servlet.http.HttpServletResponse)
20:59:13.221 sms [restartedMain] INFO  c.o.w.c.WebSecurityConfig$$EnhancerBySpringCGLIB$$44200efd - 开始执行securityConfig
20:59:13.274 sms [restartedMain] INFO  o.a.catalina.core.StandardService - Stopping service [Tomcat]
20:59:13.292 sms [restartedMain] INFO  o.s.b.a.l.ConditionEvaluationReportLoggingListener - 

Error starting ApplicationContext. To display the conditions report re-run your application with 'debug' enabled.
21:01:01.257 sms [restartedMain] INFO  com.oldx.web.OldxWebApplication - Starting OldxWebApplication on LAPTOP-I6P0O8RG with PID 23276 (D:\D_Git_Project_FIle_WorkSpace\moli\moli-web\target\classes started by Old丶x in D:\D_Git_Project_FIle_WorkSpace\moli)
21:01:01.259 sms [restartedMain] INFO  com.oldx.web.OldxWebApplication - No active profile set, falling back to default profiles: default
21:01:01.374 sms [restartedMain] INFO  o.s.b.w.s.c.AnnotationConfigServletWebServerApplicationContext - Refreshing org.springframework.boot.web.servlet.context.AnnotationConfigServletWebServerApplicationContext@1318af62: startup date [Thu Nov 07 21:01:01 CST 2019]; root of context hierarchy
21:01:03.210 sms [restartedMain] INFO  o.s.d.r.c.RepositoryConfigurationDelegate - Multiple Spring Data modules found, entering strict repository configuration mode!
21:01:03.827 sms [restartedMain] INFO  o.s.b.f.a.AutowiredAnnotationBeanPostProcessor - JSR-330 'javax.inject.Inject' annotation found and supported for autowiring
21:01:03.971 sms [restartedMain] INFO  o.s.c.s.PostProcessorRegistrationDelegate$BeanPostProcessorChecker - Bean 'org.springframework.transaction.annotation.ProxyTransactionManagementConfiguration' of type [org.springframework.transaction.annotation.ProxyTransactionManagementConfiguration$$EnhancerBySpringCGLIB$$89b07150] is not eligible for getting processed by all BeanPostProcessors (for example: not eligible for auto-proxying)
21:01:03.990 sms [restartedMain] INFO  o.s.c.s.PostProcessorRegistrationDelegate$BeanPostProcessorChecker - Bean 'org.springframework.security.config.annotation.configuration.ObjectPostProcessorConfiguration' of type [org.springframework.security.config.annotation.configuration.ObjectPostProcessorConfiguration$$EnhancerBySpringCGLIB$$225e398a] is not eligible for getting processed by all BeanPostProcessors (for example: not eligible for auto-proxying)
21:01:04.003 sms [restartedMain] INFO  o.s.c.s.PostProcessorRegistrationDelegate$BeanPostProcessorChecker - Bean 'objectPostProcessor' of type [org.springframework.security.config.annotation.configuration.AutowireBeanFactoryObjectPostProcessor] is not eligible for getting processed by all BeanPostProcessors (for example: not eligible for auto-proxying)
21:01:04.006 sms [restartedMain] INFO  o.s.c.s.PostProcessorRegistrationDelegate$BeanPostProcessorChecker - Bean 'org.springframework.security.access.expression.method.DefaultMethodSecurityExpressionHandler@1b6c0356' of type [org.springframework.security.access.expression.method.DefaultMethodSecurityExpressionHandler] is not eligible for getting processed by all BeanPostProcessors (for example: not eligible for auto-proxying)
21:01:04.020 sms [restartedMain] INFO  o.s.c.s.PostProcessorRegistrationDelegate$BeanPostProcessorChecker - Bean 'org.springframework.security.config.annotation.method.configuration.GlobalMethodSecurityConfiguration' of type [org.springframework.security.config.annotation.method.configuration.GlobalMethodSecurityConfiguration$$EnhancerBySpringCGLIB$$4732dc3c] is not eligible for getting processed by all BeanPostProcessors (for example: not eligible for auto-proxying)
21:01:04.034 sms [restartedMain] INFO  o.s.c.s.PostProcessorRegistrationDelegate$BeanPostProcessorChecker - Bean 'methodSecurityMetadataSource' of type [org.springframework.security.access.method.DelegatingMethodSecurityMetadataSource] is not eligible for getting processed by all BeanPostProcessors (for example: not eligible for auto-proxying)
21:01:04.723 sms [restartedMain] INFO  o.s.b.w.e.tomcat.TomcatWebServer - Tomcat initialized with port(s): 8888 (http)
21:01:04.735 sms [restartedMain] INFO  o.a.coyote.http11.Http11NioProtocol - Initializing ProtocolHandler ["http-nio-8888"]
21:01:04.749 sms [restartedMain] INFO  o.a.catalina.core.StandardService - Starting service [Tomcat]
21:01:04.749 sms [restartedMain] INFO  o.a.catalina.core.StandardEngine - Starting Servlet Engine: Apache Tomcat/8.5.32
21:01:04.754 sms [localhost-startStop-1] INFO  o.a.c.core.AprLifecycleListener - The APR based Apache Tomcat Native library which allows optimal performance in production environments was not found on the java.library.path: [C:\Program Files\Java\jdk1.8.0_212\bin;C:\WINDOWS\Sun\Java\bin;C:\WINDOWS\system32;C:\WINDOWS;D:\xshell6\;D:\xftp6\;C:\Program Files\Java\jdk1.8.0_212\bin\;C:\Program Files\Java\jdk1.8.0_212\jre\bin\;C:\Program Files (x86)\Common Files\Oracle\Java\javapath;C:\Windows\system32;C:\Windows;C:\Windows\System32\Wbem;C:\Windows\System32\WindowsPowerShell\v1.0\;C:\Windows\System32\OpenSSH\;C:\Program Files (x86)\NVIDIA Corporation\PhysX\Common;C:\Program Files\NVIDIA Corporation\NVIDIA NGX;C:\Program Files\NVIDIA Corporation\NVIDIA NvDLISR;C:\WINDOWS\system32;C:\WINDOWS;C:\WINDOWS\System32\Wbem;C:\WINDOWS\System32\WindowsPowerShell\v1.0\;C:\WINDOWS\System32\OpenSSH\;D:\mysql-5.7.26-winx64\mysql-5.7.26-winx64\bin;F:\apache-maven-3.3.9\apache-maven-3.3.9\bin;F:\gradle-5.4.1\gradle-5.4.1\bin;D:\MongDb\bin;D:\Program Files\nodejs\node_global;D:\nvm;C:\Program Files\nodejs;%ERLANG_HOME%\bin;D:\Microsoft VS Code\bin;F:\ffmpeg-20180227-fa0c9d6-win64-static\bin;C:\Program Files\Microsoft VS Code\bin;D:\Git\Git\cmd;D:\Git\bin;C:\Users\Old丶x\AppData\Local\Microsoft\WindowsApps;C:\Users\Old丶x\AppData\Roaming\npm;.]
21:01:05.031 sms [localhost-startStop-1] INFO  o.a.c.c.C.[Tomcat].[localhost].[/] - Initializing Spring embedded WebApplicationContext
21:01:05.032 sms [localhost-startStop-1] INFO  o.s.web.context.ContextLoader - Root WebApplicationContext: initialization completed in 3658 ms
21:01:05.573 sms [localhost-startStop-1] INFO  o.s.b.w.s.FilterRegistrationBean - Mapping filter: 'characterEncodingFilter' to: [/*]
21:01:05.573 sms [localhost-startStop-1] INFO  o.s.b.w.s.FilterRegistrationBean - Mapping filter: 'sessionRepositoryFilter' to: [/*]
21:01:05.573 sms [localhost-startStop-1] INFO  o.s.b.w.s.FilterRegistrationBean - Mapping filter: 'hiddenHttpMethodFilter' to: [/*]
21:01:05.573 sms [localhost-startStop-1] INFO  o.s.b.w.s.FilterRegistrationBean - Mapping filter: 'httpPutFormContentFilter' to: [/*]
21:01:05.574 sms [localhost-startStop-1] INFO  o.s.b.w.s.FilterRegistrationBean - Mapping filter: 'requestContextFilter' to: [/*]
21:01:05.574 sms [localhost-startStop-1] INFO  o.s.b.w.s.DelegatingFilterProxyRegistrationBean - Mapping filter: 'springSecurityFilterChain' to: [/*]
21:01:05.574 sms [localhost-startStop-1] INFO  o.s.b.w.s.ServletRegistrationBean - Servlet dispatcherServlet mapped to [/]
21:01:06.336 sms [restartedMain] INFO  o.a.catalina.core.StandardService - Stopping service [Tomcat]
21:01:06.353 sms [restartedMain] INFO  o.s.b.a.l.ConditionEvaluationReportLoggingListener - 

Error starting ApplicationContext. To display the conditions report re-run your application with 'debug' enabled.
21:02:46.393 sms [restartedMain] INFO  com.oldx.web.OldxWebApplication - Starting OldxWebApplication on LAPTOP-I6P0O8RG with PID 8324 (D:\D_Git_Project_FIle_WorkSpace\moli\moli-web\target\classes started by Old丶x in D:\D_Git_Project_FIle_WorkSpace\moli)
21:02:46.395 sms [restartedMain] INFO  com.oldx.web.OldxWebApplication - No active profile set, falling back to default profiles: default
21:02:46.498 sms [restartedMain] INFO  o.s.b.w.s.c.AnnotationConfigServletWebServerApplicationContext - Refreshing org.springframework.boot.web.servlet.context.AnnotationConfigServletWebServerApplicationContext@75515fcc: startup date [Thu Nov 07 21:02:46 CST 2019]; root of context hierarchy
21:02:48.323 sms [restartedMain] INFO  o.s.d.r.c.RepositoryConfigurationDelegate - Multiple Spring Data modules found, entering strict repository configuration mode!
21:02:48.876 sms [restartedMain] INFO  o.s.b.f.a.AutowiredAnnotationBeanPostProcessor - JSR-330 'javax.inject.Inject' annotation found and supported for autowiring
21:02:49.011 sms [restartedMain] INFO  o.s.c.s.PostProcessorRegistrationDelegate$BeanPostProcessorChecker - Bean 'org.springframework.transaction.annotation.ProxyTransactionManagementConfiguration' of type [org.springframework.transaction.annotation.ProxyTransactionManagementConfiguration$$EnhancerBySpringCGLIB$$b420c0f8] is not eligible for getting processed by all BeanPostProcessors (for example: not eligible for auto-proxying)
21:02:49.034 sms [restartedMain] INFO  o.s.c.s.PostProcessorRegistrationDelegate$BeanPostProcessorChecker - Bean 'org.springframework.security.config.annotation.configuration.ObjectPostProcessorConfiguration' of type [org.springframework.security.config.annotation.configuration.ObjectPostProcessorConfiguration$$EnhancerBySpringCGLIB$$4cce8932] is not eligible for getting processed by all BeanPostProcessors (for example: not eligible for auto-proxying)
21:02:49.045 sms [restartedMain] INFO  o.s.c.s.PostProcessorRegistrationDelegate$BeanPostProcessorChecker - Bean 'objectPostProcessor' of type [org.springframework.security.config.annotation.configuration.AutowireBeanFactoryObjectPostProcessor] is not eligible for getting processed by all BeanPostProcessors (for example: not eligible for auto-proxying)
21:02:49.048 sms [restartedMain] INFO  o.s.c.s.PostProcessorRegistrationDelegate$BeanPostProcessorChecker - Bean 'org.springframework.security.access.expression.method.DefaultMethodSecurityExpressionHandler@51b140e9' of type [org.springframework.security.access.expression.method.DefaultMethodSecurityExpressionHandler] is not eligible for getting processed by all BeanPostProcessors (for example: not eligible for auto-proxying)
21:02:49.055 sms [restartedMain] INFO  o.s.c.s.PostProcessorRegistrationDelegate$BeanPostProcessorChecker - Bean 'org.springframework.security.config.annotation.method.configuration.GlobalMethodSecurityConfiguration' of type [org.springframework.security.config.annotation.method.configuration.GlobalMethodSecurityConfiguration$$EnhancerBySpringCGLIB$$71a32be4] is not eligible for getting processed by all BeanPostProcessors (for example: not eligible for auto-proxying)
21:02:49.066 sms [restartedMain] INFO  o.s.c.s.PostProcessorRegistrationDelegate$BeanPostProcessorChecker - Bean 'methodSecurityMetadataSource' of type [org.springframework.security.access.method.DelegatingMethodSecurityMetadataSource] is not eligible for getting processed by all BeanPostProcessors (for example: not eligible for auto-proxying)
21:02:49.694 sms [restartedMain] INFO  o.s.b.w.e.tomcat.TomcatWebServer - Tomcat initialized with port(s): 8888 (http)
21:02:49.707 sms [restartedMain] INFO  o.a.coyote.http11.Http11NioProtocol - Initializing ProtocolHandler ["http-nio-8888"]
21:02:49.718 sms [restartedMain] INFO  o.a.catalina.core.StandardService - Starting service [Tomcat]
21:02:49.718 sms [restartedMain] INFO  o.a.catalina.core.StandardEngine - Starting Servlet Engine: Apache Tomcat/8.5.32
21:02:49.723 sms [localhost-startStop-1] INFO  o.a.c.core.AprLifecycleListener - The APR based Apache Tomcat Native library which allows optimal performance in production environments was not found on the java.library.path: [C:\Program Files\Java\jdk1.8.0_212\bin;C:\WINDOWS\Sun\Java\bin;C:\WINDOWS\system32;C:\WINDOWS;D:\xshell6\;D:\xftp6\;C:\Program Files\Java\jdk1.8.0_212\bin\;C:\Program Files\Java\jdk1.8.0_212\jre\bin\;C:\Program Files (x86)\Common Files\Oracle\Java\javapath;C:\Windows\system32;C:\Windows;C:\Windows\System32\Wbem;C:\Windows\System32\WindowsPowerShell\v1.0\;C:\Windows\System32\OpenSSH\;C:\Program Files (x86)\NVIDIA Corporation\PhysX\Common;C:\Program Files\NVIDIA Corporation\NVIDIA NGX;C:\Program Files\NVIDIA Corporation\NVIDIA NvDLISR;C:\WINDOWS\system32;C:\WINDOWS;C:\WINDOWS\System32\Wbem;C:\WINDOWS\System32\WindowsPowerShell\v1.0\;C:\WINDOWS\System32\OpenSSH\;D:\mysql-5.7.26-winx64\mysql-5.7.26-winx64\bin;F:\apache-maven-3.3.9\apache-maven-3.3.9\bin;F:\gradle-5.4.1\gradle-5.4.1\bin;D:\MongDb\bin;D:\Program Files\nodejs\node_global;D:\nvm;C:\Program Files\nodejs;%ERLANG_HOME%\bin;D:\Microsoft VS Code\bin;F:\ffmpeg-20180227-fa0c9d6-win64-static\bin;C:\Program Files\Microsoft VS Code\bin;D:\Git\Git\cmd;D:\Git\bin;C:\Users\Old丶x\AppData\Local\Microsoft\WindowsApps;C:\Users\Old丶x\AppData\Roaming\npm;.]
21:02:49.998 sms [localhost-startStop-1] INFO  o.a.c.c.C.[Tomcat].[localhost].[/] - Initializing Spring embedded WebApplicationContext
21:02:49.999 sms [localhost-startStop-1] INFO  o.s.web.context.ContextLoader - Root WebApplicationContext: initialization completed in 3500 ms
21:02:50.541 sms [localhost-startStop-1] INFO  o.s.b.w.s.FilterRegistrationBean - Mapping filter: 'characterEncodingFilter' to: [/*]
21:02:50.541 sms [localhost-startStop-1] INFO  o.s.b.w.s.FilterRegistrationBean - Mapping filter: 'sessionRepositoryFilter' to: [/*]
21:02:50.541 sms [localhost-startStop-1] INFO  o.s.b.w.s.FilterRegistrationBean - Mapping filter: 'hiddenHttpMethodFilter' to: [/*]
21:02:50.541 sms [localhost-startStop-1] INFO  o.s.b.w.s.FilterRegistrationBean - Mapping filter: 'httpPutFormContentFilter' to: [/*]
21:02:50.542 sms [localhost-startStop-1] INFO  o.s.b.w.s.FilterRegistrationBean - Mapping filter: 'requestContextFilter' to: [/*]
21:02:50.542 sms [localhost-startStop-1] INFO  o.s.b.w.s.DelegatingFilterProxyRegistrationBean - Mapping filter: 'springSecurityFilterChain' to: [/*]
21:02:50.542 sms [localhost-startStop-1] INFO  o.s.b.w.s.ServletRegistrationBean - Servlet dispatcherServlet mapped to [/]
21:02:51.668 sms [restartedMain] INFO  o.s.w.s.m.m.a.RequestMappingHandlerMapping - Mapped "{[/index],methods=[GET]}" onto public java.lang.String com.oldx.web.controller.index.IndexController.index(org.springframework.security.core.Authentication,org.springframework.ui.Model)
21:02:51.669 sms [restartedMain] INFO  o.s.w.s.m.m.a.RequestMappingHandlerMapping - Mapped "{[/userlist],methods=[GET]}" onto public com.oldx.common.api.CommonResult com.oldx.web.controller.index.IndexController.user()
21:02:51.669 sms [restartedMain] INFO  o.s.w.s.m.m.a.RequestMappingHandlerMapping - Mapped "{[/userlist1],methods=[GET]}" onto public com.oldx.common.api.CommonResult com.oldx.web.controller.index.IndexController.user111()
21:02:51.670 sms [restartedMain] INFO  o.s.w.s.m.m.a.RequestMappingHandlerMapping - Mapped "{[/authentication/login]}" onto public com.oldx.common.api.CommonResult com.oldx.web.controller.system.BrowserSecurityController.requireAuthentication(javax.servlet.http.HttpServletRequest,javax.servlet.http.HttpServletResponse) throws java.io.IOException
21:02:51.671 sms [restartedMain] INFO  o.s.w.s.m.m.a.RequestMappingHandlerMapping - Mapped "{[/exception/403],methods=[GET]}" onto public java.lang.String com.oldx.web.controller.system.CommonController.unAuthorin()
21:02:51.671 sms [restartedMain] INFO  o.s.w.s.m.m.a.RequestMappingHandlerMapping - Mapped "{[/login],methods=[GET]}" onto public java.lang.String com.oldx.web.controller.system.LoginController.login(javax.servlet.http.HttpServletRequest,javax.servlet.http.HttpServletResponse)
21:02:51.672 sms [restartedMain] INFO  o.s.w.s.m.m.a.RequestMappingHandlerMapping - Mapped "{[/admin/test],methods=[GET]}" onto public java.lang.String com.oldx.web.controller.TestController.test2()
21:02:51.672 sms [restartedMain] INFO  o.s.w.s.m.m.a.RequestMappingHandlerMapping - Mapped "{[/normal/test],methods=[GET]}" onto public java.lang.String com.oldx.web.controller.TestController.test1()
21:02:51.673 sms [restartedMain] INFO  o.s.w.s.m.m.a.RequestMappingHandlerMapping - Mapped "{[/user/list],methods=[GET]}" onto public java.util.Map<java.lang.String, java.lang.Object> com.oldx.web.controller.user.UserController.userList(com.oldx.common.api.PageRequest,com.oldx.mbg.domain.MoliUser)
21:02:51.673 sms [restartedMain] INFO  o.s.w.s.m.m.a.RequestMappingHandlerMapping - Mapped "{[/user/update],methods=[POST]}" onto public com.oldx.common.api.CommonResult com.oldx.web.controller.user.UserController.updateMUser(com.oldx.mbg.domain.MoliUser,java.lang.Long[])
21:02:51.673 sms [restartedMain] INFO  o.s.w.s.m.m.a.RequestMappingHandlerMapping - Mapped "{[/user/add],methods=[POST]}" onto public com.oldx.common.api.CommonResult com.oldx.web.controller.user.UserController.registerMUser(com.oldx.mbg.domain.MoliUser)
21:02:51.678 sms [restartedMain] INFO  o.s.w.s.m.m.a.RequestMappingHandlerMapping - Mapped "{[/swagger-resources/configuration/security]}" onto public org.springframework.http.ResponseEntity<springfox.documentation.swagger.web.SecurityConfiguration> springfox.documentation.swagger.web.ApiResourceController.securityConfiguration()
21:02:51.679 sms [restartedMain] INFO  o.s.w.s.m.m.a.RequestMappingHandlerMapping - Mapped "{[/swagger-resources]}" onto public org.springframework.http.ResponseEntity<java.util.List<springfox.documentation.swagger.web.SwaggerResource>> springfox.documentation.swagger.web.ApiResourceController.swaggerResources()
21:02:51.680 sms [restartedMain] INFO  o.s.w.s.m.m.a.RequestMappingHandlerMapping - Mapped "{[/swagger-resources/configuration/ui]}" onto public org.springframework.http.ResponseEntity<springfox.documentation.swagger.web.UiConfiguration> springfox.documentation.swagger.web.ApiResourceController.uiConfiguration()
21:02:51.683 sms [restartedMain] INFO  o.s.w.s.m.m.a.RequestMappingHandlerMapping - Mapped "{[/error]}" onto public org.springframework.http.ResponseEntity<java.util.Map<java.lang.String, java.lang.Object>> org.springframework.boot.autoconfigure.web.servlet.error.BasicErrorController.error(javax.servlet.http.HttpServletRequest)
21:02:51.684 sms [restartedMain] INFO  o.s.w.s.m.m.a.RequestMappingHandlerMapping - Mapped "{[/error],produces=[text/html]}" onto public org.springframework.web.servlet.ModelAndView org.springframework.boot.autoconfigure.web.servlet.error.BasicErrorController.errorHtml(javax.servlet.http.HttpServletRequest,javax.servlet.http.HttpServletResponse)
21:02:52.042 sms [restartedMain] INFO  c.o.w.c.WebSecurityConfig$$EnhancerBySpringCGLIB$$d0b4b3f1 - 开始执行securityConfig
21:02:52.096 sms [restartedMain] INFO  o.a.catalina.core.StandardService - Stopping service [Tomcat]
21:02:52.115 sms [restartedMain] INFO  o.s.b.a.l.ConditionEvaluationReportLoggingListener - 

Error starting ApplicationContext. To display the conditions report re-run your application with 'debug' enabled.
21:05:26.328 sms [restartedMain] INFO  com.oldx.web.OldxWebApplication - Starting OldxWebApplication on LAPTOP-I6P0O8RG with PID 21832 (D:\D_Git_Project_FIle_WorkSpace\moli\moli-web\target\classes started by Old丶x in D:\D_Git_Project_FIle_WorkSpace\moli)
21:05:26.330 sms [restartedMain] INFO  com.oldx.web.OldxWebApplication - No active profile set, falling back to default profiles: default
21:05:26.454 sms [restartedMain] INFO  o.s.b.w.s.c.AnnotationConfigServletWebServerApplicationContext - Refreshing org.springframework.boot.web.servlet.context.AnnotationConfigServletWebServerApplicationContext@75515fcc: startup date [Thu Nov 07 21:05:26 CST 2019]; root of context hierarchy
21:05:28.264 sms [restartedMain] INFO  o.s.d.r.c.RepositoryConfigurationDelegate - Multiple Spring Data modules found, entering strict repository configuration mode!
21:05:28.904 sms [restartedMain] INFO  o.s.b.f.a.AutowiredAnnotationBeanPostProcessor - JSR-330 'javax.inject.Inject' annotation found and supported for autowiring
21:05:29.039 sms [restartedMain] INFO  o.s.c.s.PostProcessorRegistrationDelegate$BeanPostProcessorChecker - Bean 'org.springframework.transaction.annotation.ProxyTransactionManagementConfiguration' of type [org.springframework.transaction.annotation.ProxyTransactionManagementConfiguration$$EnhancerBySpringCGLIB$$de1b6e58] is not eligible for getting processed by all BeanPostProcessors (for example: not eligible for auto-proxying)
21:05:29.066 sms [restartedMain] INFO  o.s.c.s.PostProcessorRegistrationDelegate$BeanPostProcessorChecker - Bean 'org.springframework.security.config.annotation.configuration.ObjectPostProcessorConfiguration' of type [org.springframework.security.config.annotation.configuration.ObjectPostProcessorConfiguration$$EnhancerBySpringCGLIB$$76c93692] is not eligible for getting processed by all BeanPostProcessors (for example: not eligible for auto-proxying)
21:05:29.081 sms [restartedMain] INFO  o.s.c.s.PostProcessorRegistrationDelegate$BeanPostProcessorChecker - Bean 'objectPostProcessor' of type [org.springframework.security.config.annotation.configuration.AutowireBeanFactoryObjectPostProcessor] is not eligible for getting processed by all BeanPostProcessors (for example: not eligible for auto-proxying)
21:05:29.083 sms [restartedMain] INFO  o.s.c.s.PostProcessorRegistrationDelegate$BeanPostProcessorChecker - Bean 'org.springframework.security.access.expression.method.DefaultMethodSecurityExpressionHandler@52d23801' of type [org.springframework.security.access.expression.method.DefaultMethodSecurityExpressionHandler] is not eligible for getting processed by all BeanPostProcessors (for example: not eligible for auto-proxying)
21:05:29.091 sms [restartedMain] INFO  o.s.c.s.PostProcessorRegistrationDelegate$BeanPostProcessorChecker - Bean 'org.springframework.security.config.annotation.method.configuration.GlobalMethodSecurityConfiguration' of type [org.springframework.security.config.annotation.method.configuration.GlobalMethodSecurityConfiguration$$EnhancerBySpringCGLIB$$9b9dd944] is not eligible for getting processed by all BeanPostProcessors (for example: not eligible for auto-proxying)
21:05:29.101 sms [restartedMain] INFO  o.s.c.s.PostProcessorRegistrationDelegate$BeanPostProcessorChecker - Bean 'methodSecurityMetadataSource' of type [org.springframework.security.access.method.DelegatingMethodSecurityMetadataSource] is not eligible for getting processed by all BeanPostProcessors (for example: not eligible for auto-proxying)
21:05:29.775 sms [restartedMain] INFO  o.s.b.w.e.tomcat.TomcatWebServer - Tomcat initialized with port(s): 8888 (http)
21:05:29.787 sms [restartedMain] INFO  o.a.coyote.http11.Http11NioProtocol - Initializing ProtocolHandler ["http-nio-8888"]
21:05:29.797 sms [restartedMain] INFO  o.a.catalina.core.StandardService - Starting service [Tomcat]
21:05:29.798 sms [restartedMain] INFO  o.a.catalina.core.StandardEngine - Starting Servlet Engine: Apache Tomcat/8.5.32
21:05:29.803 sms [localhost-startStop-1] INFO  o.a.c.core.AprLifecycleListener - The APR based Apache Tomcat Native library which allows optimal performance in production environments was not found on the java.library.path: [C:\Program Files\Java\jdk1.8.0_212\bin;C:\WINDOWS\Sun\Java\bin;C:\WINDOWS\system32;C:\WINDOWS;D:\xshell6\;D:\xftp6\;C:\Program Files\Java\jdk1.8.0_212\bin\;C:\Program Files\Java\jdk1.8.0_212\jre\bin\;C:\Program Files (x86)\Common Files\Oracle\Java\javapath;C:\Windows\system32;C:\Windows;C:\Windows\System32\Wbem;C:\Windows\System32\WindowsPowerShell\v1.0\;C:\Windows\System32\OpenSSH\;C:\Program Files (x86)\NVIDIA Corporation\PhysX\Common;C:\Program Files\NVIDIA Corporation\NVIDIA NGX;C:\Program Files\NVIDIA Corporation\NVIDIA NvDLISR;C:\WINDOWS\system32;C:\WINDOWS;C:\WINDOWS\System32\Wbem;C:\WINDOWS\System32\WindowsPowerShell\v1.0\;C:\WINDOWS\System32\OpenSSH\;D:\mysql-5.7.26-winx64\mysql-5.7.26-winx64\bin;F:\apache-maven-3.3.9\apache-maven-3.3.9\bin;F:\gradle-5.4.1\gradle-5.4.1\bin;D:\MongDb\bin;D:\Program Files\nodejs\node_global;D:\nvm;C:\Program Files\nodejs;%ERLANG_HOME%\bin;D:\Microsoft VS Code\bin;F:\ffmpeg-20180227-fa0c9d6-win64-static\bin;C:\Program Files\Microsoft VS Code\bin;D:\Git\Git\cmd;D:\Git\bin;C:\Users\Old丶x\AppData\Local\Microsoft\WindowsApps;C:\Users\Old丶x\AppData\Roaming\npm;.]
21:05:30.071 sms [localhost-startStop-1] INFO  o.a.c.c.C.[Tomcat].[localhost].[/] - Initializing Spring embedded WebApplicationContext
21:05:30.071 sms [localhost-startStop-1] INFO  o.s.web.context.ContextLoader - Root WebApplicationContext: initialization completed in 3617 ms
21:05:30.623 sms [localhost-startStop-1] INFO  o.s.b.w.s.FilterRegistrationBean - Mapping filter: 'characterEncodingFilter' to: [/*]
21:05:30.624 sms [localhost-startStop-1] INFO  o.s.b.w.s.FilterRegistrationBean - Mapping filter: 'sessionRepositoryFilter' to: [/*]
21:05:30.624 sms [localhost-startStop-1] INFO  o.s.b.w.s.FilterRegistrationBean - Mapping filter: 'hiddenHttpMethodFilter' to: [/*]
21:05:30.624 sms [localhost-startStop-1] INFO  o.s.b.w.s.FilterRegistrationBean - Mapping filter: 'httpPutFormContentFilter' to: [/*]
21:05:30.624 sms [localhost-startStop-1] INFO  o.s.b.w.s.FilterRegistrationBean - Mapping filter: 'requestContextFilter' to: [/*]
21:05:30.625 sms [localhost-startStop-1] INFO  o.s.b.w.s.DelegatingFilterProxyRegistrationBean - Mapping filter: 'springSecurityFilterChain' to: [/*]
21:05:30.625 sms [localhost-startStop-1] INFO  o.s.b.w.s.ServletRegistrationBean - Servlet dispatcherServlet mapped to [/]
21:05:31.752 sms [restartedMain] INFO  o.s.w.s.m.m.a.RequestMappingHandlerMapping - Mapped "{[/index],methods=[GET]}" onto public java.lang.String com.oldx.web.controller.index.IndexController.index(org.springframework.security.core.Authentication,org.springframework.ui.Model)
21:05:31.753 sms [restartedMain] INFO  o.s.w.s.m.m.a.RequestMappingHandlerMapping - Mapped "{[/userlist],methods=[GET]}" onto public com.oldx.common.api.CommonResult com.oldx.web.controller.index.IndexController.user()
21:05:31.754 sms [restartedMain] INFO  o.s.w.s.m.m.a.RequestMappingHandlerMapping - Mapped "{[/userlist1],methods=[GET]}" onto public com.oldx.common.api.CommonResult com.oldx.web.controller.index.IndexController.user111()
21:05:31.755 sms [restartedMain] INFO  o.s.w.s.m.m.a.RequestMappingHandlerMapping - Mapped "{[/authentication/login]}" onto public com.oldx.common.api.CommonResult com.oldx.web.controller.system.BrowserSecurityController.requireAuthentication(javax.servlet.http.HttpServletRequest,javax.servlet.http.HttpServletResponse) throws java.io.IOException
21:05:31.755 sms [restartedMain] INFO  o.s.w.s.m.m.a.RequestMappingHandlerMapping - Mapped "{[/exception/403],methods=[GET]}" onto public java.lang.String com.oldx.web.controller.system.CommonController.unAuthorin()
21:05:31.756 sms [restartedMain] INFO  o.s.w.s.m.m.a.RequestMappingHandlerMapping - Mapped "{[/login],methods=[GET]}" onto public java.lang.String com.oldx.web.controller.system.LoginController.login(javax.servlet.http.HttpServletRequest,javax.servlet.http.HttpServletResponse)
21:05:31.756 sms [restartedMain] INFO  o.s.w.s.m.m.a.RequestMappingHandlerMapping - Mapped "{[/normal/test],methods=[GET]}" onto public java.lang.String com.oldx.web.controller.TestController.test1()
21:05:31.757 sms [restartedMain] INFO  o.s.w.s.m.m.a.RequestMappingHandlerMapping - Mapped "{[/admin/test],methods=[GET]}" onto public java.lang.String com.oldx.web.controller.TestController.test2()
21:05:31.757 sms [restartedMain] INFO  o.s.w.s.m.m.a.RequestMappingHandlerMapping - Mapped "{[/user/list],methods=[GET]}" onto public java.util.Map<java.lang.String, java.lang.Object> com.oldx.web.controller.user.UserController.userList(com.oldx.common.api.PageRequest,com.oldx.mbg.domain.MoliUser)
21:05:31.758 sms [restartedMain] INFO  o.s.w.s.m.m.a.RequestMappingHandlerMapping - Mapped "{[/user/update],methods=[POST]}" onto public com.oldx.common.api.CommonResult com.oldx.web.controller.user.UserController.updateMUser(com.oldx.mbg.domain.MoliUser,java.lang.Long[])
21:05:31.758 sms [restartedMain] INFO  o.s.w.s.m.m.a.RequestMappingHandlerMapping - Mapped "{[/user/add],methods=[POST]}" onto public com.oldx.common.api.CommonResult com.oldx.web.controller.user.UserController.registerMUser(com.oldx.mbg.domain.MoliUser)
21:05:31.763 sms [restartedMain] INFO  o.s.w.s.m.m.a.RequestMappingHandlerMapping - Mapped "{[/swagger-resources/configuration/security]}" onto public org.springframework.http.ResponseEntity<springfox.documentation.swagger.web.SecurityConfiguration> springfox.documentation.swagger.web.ApiResourceController.securityConfiguration()
21:05:31.763 sms [restartedMain] INFO  o.s.w.s.m.m.a.RequestMappingHandlerMapping - Mapped "{[/swagger-resources]}" onto public org.springframework.http.ResponseEntity<java.util.List<springfox.documentation.swagger.web.SwaggerResource>> springfox.documentation.swagger.web.ApiResourceController.swaggerResources()
21:05:31.764 sms [restartedMain] INFO  o.s.w.s.m.m.a.RequestMappingHandlerMapping - Mapped "{[/swagger-resources/configuration/ui]}" onto public org.springframework.http.ResponseEntity<springfox.documentation.swagger.web.UiConfiguration> springfox.documentation.swagger.web.ApiResourceController.uiConfiguration()
21:05:31.767 sms [restartedMain] INFO  o.s.w.s.m.m.a.RequestMappingHandlerMapping - Mapped "{[/error]}" onto public org.springframework.http.ResponseEntity<java.util.Map<java.lang.String, java.lang.Object>> org.springframework.boot.autoconfigure.web.servlet.error.BasicErrorController.error(javax.servlet.http.HttpServletRequest)
21:05:31.768 sms [restartedMain] INFO  o.s.w.s.m.m.a.RequestMappingHandlerMapping - Mapped "{[/error],produces=[text/html]}" onto public org.springframework.web.servlet.ModelAndView org.springframework.boot.autoconfigure.web.servlet.error.BasicErrorController.errorHtml(javax.servlet.http.HttpServletRequest,javax.servlet.http.HttpServletResponse)
21:05:32.131 sms [restartedMain] INFO  c.o.w.c.WebSecurityConfig$$EnhancerBySpringCGLIB$$faaf6151 - 开始执行securityConfig
21:05:32.294 sms [restartedMain] INFO  o.s.s.web.DefaultSecurityFilterChain - Creating filter chain: org.springframework.security.web.util.matcher.AnyRequestMatcher@1, [org.springframework.security.web.context.request.async.WebAsyncManagerIntegrationFilter@2fb4570e, org.springframework.security.web.context.SecurityContextPersistenceFilter@7be02a28, org.springframework.security.web.header.HeaderWriterFilter@1ad039b4, org.springframework.security.web.authentication.logout.LogoutFilter@74c50a77, org.springframework.security.web.authentication.UsernamePasswordAuthenticationFilter@79037855, org.springframework.security.web.session.ConcurrentSessionFilter@73ea139b, org.springframework.security.web.savedrequest.RequestCacheAwareFilter@78c7fb54, org.springframework.security.web.servletapi.SecurityContextHolderAwareRequestFilter@5926591e, org.springframework.security.web.authentication.AnonymousAuthenticationFilter@653c075c, org.springframework.security.web.session.SessionManagementFilter@3f3d0a8d, org.springframework.security.web.access.ExceptionTranslationFilter@4983e6e2, org.springframework.security.web.access.intercept.FilterSecurityInterceptor@2a125e4f]
21:05:32.351 sms [restartedMain] INFO  s.d.s.w.PropertySourcedRequestMappingHandlerMapping - Mapped URL path [/v2/api-docs] onto method [public org.springframework.http.ResponseEntity<springfox.documentation.spring.web.json.Json> springfox.documentation.swagger2.web.Swagger2Controller.getDocumentation(java.lang.String,javax.servlet.http.HttpServletRequest)]
21:05:32.447 sms [restartedMain] INFO  o.s.w.s.h.SimpleUrlHandlerMapping - Mapped URL path [/**/favicon.ico] onto handler of type [class org.springframework.web.servlet.resource.ResourceHttpRequestHandler]
21:05:32.557 sms [restartedMain] INFO  o.s.w.s.m.m.a.RequestMappingHandlerAdapter - Looking for @ControllerAdvice: org.springframework.boot.web.servlet.context.AnnotationConfigServletWebServerApplicationContext@75515fcc: startup date [Thu Nov 07 21:05:26 CST 2019]; root of context hierarchy
21:05:32.624 sms [restartedMain] INFO  o.s.w.s.h.SimpleUrlHandlerMapping - Mapped URL path [/webjars/**] onto handler of type [class org.springframework.web.servlet.resource.ResourceHttpRequestHandler]
21:05:32.624 sms [restartedMain] INFO  o.s.w.s.h.SimpleUrlHandlerMapping - Mapped URL path [/**] onto handler of type [class org.springframework.web.servlet.resource.ResourceHttpRequestHandler]
21:05:32.788 sms [restartedMain] INFO  o.s.b.a.w.s.WelcomePageHandlerMapping - Adding welcome page template: index
21:05:33.307 sms [restartedMain] INFO  io.lettuce.core.EpollProvider - Starting without optional epoll library
21:05:33.309 sms [restartedMain] INFO  io.lettuce.core.KqueueProvider - Starting without optional kqueue library
21:05:35.587 sms [restartedMain] INFO  o.s.b.d.a.OptionalLiveReloadServer - LiveReload server is running on port 35729
21:05:35.659 sms [restartedMain] INFO  o.s.j.e.a.AnnotationMBeanExporter - Registering beans for JMX exposure on startup
21:05:35.660 sms [restartedMain] INFO  o.s.j.e.a.AnnotationMBeanExporter - Bean with name 'dataSource' has been autodetected for JMX exposure
21:05:35.668 sms [restartedMain] INFO  o.s.j.e.a.AnnotationMBeanExporter - Located MBean 'dataSource': registering with JMX server as MBean [com.zaxxer.hikari:name=dataSource,type=HikariDataSource]
21:05:35.673 sms [restartedMain] INFO  o.s.c.s.DefaultLifecycleProcessor - Starting beans in phase 2147483647
21:05:35.673 sms [restartedMain] INFO  s.d.s.w.p.DocumentationPluginsBootstrapper - Context refreshed
21:05:35.690 sms [restartedMain] INFO  s.d.s.w.p.DocumentationPluginsBootstrapper - Found 1 custom documentation plugin(s)
21:05:35.728 sms [restartedMain] INFO  s.d.s.w.s.ApiListingReferenceScanner - Scanning for api listing references
21:05:36.051 sms [restartedMain] INFO  o.s.s.a.ScheduledAnnotationBeanPostProcessor - No TaskScheduler/ScheduledExecutorService bean found for scheduled processing
21:05:36.064 sms [restartedMain] INFO  o.a.coyote.http11.Http11NioProtocol - Starting ProtocolHandler ["http-nio-8888"]
21:05:36.067 sms [restartedMain] INFO  o.a.tomcat.util.net.NioSelectorPool - Using a shared selector for servlet write/read
21:05:36.087 sms [restartedMain] INFO  o.s.b.w.e.tomcat.TomcatWebServer - Tomcat started on port(s): 8888 (http) with context path ''
21:05:36.092 sms [restartedMain] INFO  com.oldx.web.OldxWebApplication - Started OldxWebApplication in 10.447 seconds (JVM running for 13.093)
21:05:36.102 sms [restartedMain] INFO  com.oldx.web.OldxWebApplication - 《《《《《《 MOLI started up successfully at 2019-11-07 21:05:36.102 》》》》》》
21:05:42.578 sms [http-nio-8888-exec-1] INFO  o.a.c.c.C.[Tomcat].[localhost].[/] - Initializing Spring FrameworkServlet 'dispatcherServlet'
21:05:42.579 sms [http-nio-8888-exec-1] INFO  o.s.web.servlet.DispatcherServlet - FrameworkServlet 'dispatcherServlet': initialization started
21:05:42.622 sms [http-nio-8888-exec-1] INFO  o.s.web.servlet.DispatcherServlet - FrameworkServlet 'dispatcherServlet': initialization completed in 43 ms
21:05:42.709 sms [http-nio-8888-exec-1] INFO  c.o.w.c.system.LoginController - 引发跳转的请求是：http://localhost:8888/
21:06:45.246 sms [http-nio-8888-exec-10] INFO  c.o.w.s.MoLiUserDetailsService$$EnhancerBySpringCGLIB$$76389f5d - 根据用户名查找用户信息，登录用户名:aaa
21:06:45.353 sms [http-nio-8888-exec-10] INFO  com.zaxxer.hikari.HikariDataSource - FebsHikariCP - Starting...
21:06:45.879 sms [http-nio-8888-exec-10] INFO  com.zaxxer.hikari.HikariDataSource - FebsHikariCP - Start completed.
21:06:45.912 sms [http-nio-8888-exec-10] INFO  c.o.c.i.SqlStatementInterceptor - 【SQL语句Id】>>>> com.oldx.mbg.mapper.MoliUserMapper.selectByExample
21:06:45.912 sms [http-nio-8888-exec-10] INFO  c.o.c.i.SqlStatementInterceptor - 【SQL语句耗时】>>>> 593 ms
21:06:45.912 sms [http-nio-8888-exec-10] INFO  c.o.c.i.SqlStatementInterceptor - 【SQL语句】>>>> select user_id, username, password, dept_id, email, mobile, status, create_time, modify_time, last_login_time, sex, icon, desciption from moli_user WHERE ( username = 'aaa' )
21:06:46.215 sms [http-nio-8888-exec-10] INFO  c.o.w.s.MoLiUserDetailsService$$EnhancerBySpringCGLIB$$76389f5d - 根据用户名查找用户信息，登录用户名:aaa
21:06:46.219 sms [http-nio-8888-exec-10] INFO  c.o.c.i.SqlStatementInterceptor - 【SQL语句Id】>>>> com.oldx.mbg.mapper.MoliUserMapper.selectByExample
21:06:46.219 sms [http-nio-8888-exec-10] INFO  c.o.c.i.SqlStatementInterceptor - 【SQL语句耗时】>>>> 1 ms
21:06:46.220 sms [http-nio-8888-exec-10] INFO  c.o.c.i.SqlStatementInterceptor - 【SQL语句】>>>> select user_id, username, password, dept_id, email, mobile, status, create_time, modify_time, last_login_time, sex, icon, desciption from moli_user WHERE ( username = 'aaa' )
21:06:46.349 sms [http-nio-8888-exec-10] INFO  c.o.w.H.MoliAuthenticationFailHandler - 登录失败了年轻人
21:07:58.797 sms [http-nio-8888-exec-7] INFO  c.o.w.s.MoLiUserDetailsService$$EnhancerBySpringCGLIB$$76389f5d - 根据用户名查找用户信息，登录用户名:moli
21:07:58.815 sms [http-nio-8888-exec-7] INFO  c.o.c.i.SqlStatementInterceptor - 【SQL语句Id】>>>> com.oldx.mbg.mapper.MoliUserMapper.selectByExample
21:07:58.815 sms [http-nio-8888-exec-7] INFO  c.o.c.i.SqlStatementInterceptor - 【SQL语句耗时】>>>> 13 ms
21:07:58.815 sms [http-nio-8888-exec-7] INFO  c.o.c.i.SqlStatementInterceptor - 【SQL语句】>>>> select user_id, username, password, dept_id, email, mobile, status, create_time, modify_time, last_login_time, sex, icon, desciption from moli_user WHERE ( username = 'moli' )
21:07:58.856 sms [http-nio-8888-exec-7] INFO  c.o.c.i.SqlStatementInterceptor - 【SQL语句Id】>>>> com.oldx.mbg.mapper.MMenuMapper.findUserPermissions
21:07:58.856 sms [http-nio-8888-exec-7] INFO  c.o.c.i.SqlStatementInterceptor - 【SQL语句耗时】>>>> 38 ms
21:07:58.856 sms [http-nio-8888-exec-7] INFO  c.o.c.i.SqlStatementInterceptor - 【SQL语句】>>>> select m.perms from m_role r left join m_user_role ur on(r.role_id = ur.role_id) left join moli_user u on(u.user_id = ur.user_id) left join m_role_menu rm on(rm.role_id = r.role_id) left join m_menu m on(m.menu_id = rm.menu_id ) where u.username = 'moli' and m.perms is not null and m.perms <> ''
21:07:59.004 sms [http-nio-8888-exec-7] INFO  c.o.w.H.MoliAuthenticationSuccessHandler - 登录成功了你牛逼a
