08:24:43.412 sms [Thread-24] INFO  o.s.b.w.s.c.AnnotationConfigServletWebServerApplicationContext - Closing org.springframework.boot.web.servlet.context.AnnotationConfigServletWebServerApplicationContext@75515fcc: startup date [Thu Nov 07 21:05:26 CST 2019]; root of context hierarchy
08:24:43.470 sms [Thread-24] INFO  o.s.c.s.DefaultLifecycleProcessor - Stopping beans in phase 2147483647
08:24:43.508 sms [Thread-24] INFO  o.s.j.e.a.AnnotationMBeanExporter - Unregistering JMX-exposed beans on shutdown
08:24:43.511 sms [Thread-24] INFO  o.s.j.e.a.AnnotationMBeanExporter - Unregistering JMX-exposed beans
08:24:43.520 sms [Thread-24] INFO  com.zaxxer.hikari.HikariDataSource - FebsHikariCP - Shutdown initiated...
08:24:43.531 sms [Thread-24] INFO  com.zaxxer.hikari.HikariDataSource - FebsHikariCP - Shutdown completed.
08:24:46.199 sms [restartedMain] INFO  com.oldx.web.OldxWebApplication - Starting OldxWebApplication on LAPTOP-I6P0O8RG with PID 21832 (D:\D_Git_Project_FIle_WorkSpace\moli\moli-web\target\classes started by Old丶x in D:\D_Git_Project_FIle_WorkSpace\moli)
08:24:46.199 sms [restartedMain] INFO  com.oldx.web.OldxWebApplication - No active profile set, falling back to default profiles: default
08:24:46.203 sms [restartedMain] INFO  o.s.b.w.s.c.AnnotationConfigServletWebServerApplicationContext - Refreshing org.springframework.boot.web.servlet.context.AnnotationConfigServletWebServerApplicationContext@1c292327: startup date [Fri Nov 08 08:24:46 CST 2019]; root of context hierarchy
08:24:47.023 sms [restartedMain] INFO  o.s.d.r.c.RepositoryConfigurationDelegate - Multiple Spring Data modules found, entering strict repository configuration mode!
08:24:47.135 sms [restartedMain] INFO  o.s.b.f.a.AutowiredAnnotationBeanPostProcessor - JSR-330 'javax.inject.Inject' annotation found and supported for autowiring
08:24:47.149 sms [restartedMain] INFO  o.s.c.s.PostProcessorRegistrationDelegate$BeanPostProcessorChecker - Bean 'org.springframework.transaction.annotation.ProxyTransactionManagementConfiguration' of type [org.springframework.transaction.annotation.ProxyTransactionManagementConfiguration$$EnhancerBySpringCGLIB$$de1b6e58] is not eligible for getting processed by all BeanPostProcessors (for example: not eligible for auto-proxying)
08:24:47.154 sms [restartedMain] INFO  o.s.c.s.PostProcessorRegistrationDelegate$BeanPostProcessorChecker - Bean 'org.springframework.security.config.annotation.configuration.ObjectPostProcessorConfiguration' of type [org.springframework.security.config.annotation.configuration.ObjectPostProcessorConfiguration$$EnhancerBySpringCGLIB$$76c93692] is not eligible for getting processed by all BeanPostProcessors (for example: not eligible for auto-proxying)
08:24:47.156 sms [restartedMain] INFO  o.s.c.s.PostProcessorRegistrationDelegate$BeanPostProcessorChecker - Bean 'objectPostProcessor' of type [org.springframework.security.config.annotation.configuration.AutowireBeanFactoryObjectPostProcessor] is not eligible for getting processed by all BeanPostProcessors (for example: not eligible for auto-proxying)
08:24:47.157 sms [restartedMain] INFO  o.s.c.s.PostProcessorRegistrationDelegate$BeanPostProcessorChecker - Bean 'org.springframework.security.access.expression.method.DefaultMethodSecurityExpressionHandler@657e915f' of type [org.springframework.security.access.expression.method.DefaultMethodSecurityExpressionHandler] is not eligible for getting processed by all BeanPostProcessors (for example: not eligible for auto-proxying)
08:24:47.158 sms [restartedMain] INFO  o.s.c.s.PostProcessorRegistrationDelegate$BeanPostProcessorChecker - Bean 'org.springframework.security.config.annotation.method.configuration.GlobalMethodSecurityConfiguration' of type [org.springframework.security.config.annotation.method.configuration.GlobalMethodSecurityConfiguration$$EnhancerBySpringCGLIB$$9b9dd944] is not eligible for getting processed by all BeanPostProcessors (for example: not eligible for auto-proxying)
08:24:47.159 sms [restartedMain] INFO  o.s.c.s.PostProcessorRegistrationDelegate$BeanPostProcessorChecker - Bean 'methodSecurityMetadataSource' of type [org.springframework.security.access.method.DelegatingMethodSecurityMetadataSource] is not eligible for getting processed by all BeanPostProcessors (for example: not eligible for auto-proxying)
08:24:47.408 sms [restartedMain] INFO  o.s.b.w.e.tomcat.TomcatWebServer - Tomcat initialized with port(s): 8888 (http)
08:24:47.408 sms [restartedMain] INFO  o.a.coyote.http11.Http11NioProtocol - Initializing ProtocolHandler ["http-nio-8888"]
08:24:47.408 sms [restartedMain] INFO  o.a.catalina.core.StandardService - Starting service [Tomcat]
08:24:47.409 sms [restartedMain] INFO  o.a.catalina.core.StandardEngine - Starting Servlet Engine: Apache Tomcat/8.5.32
08:24:47.462 sms [localhost-startStop-1] INFO  o.a.c.c.C.[Tomcat].[localhost].[/] - Initializing Spring embedded WebApplicationContext
08:24:47.464 sms [localhost-startStop-1] INFO  o.s.web.context.ContextLoader - Root WebApplicationContext: initialization completed in 1261 ms
08:24:47.556 sms [localhost-startStop-1] INFO  o.s.b.w.s.FilterRegistrationBean - Mapping filter: 'characterEncodingFilter' to: [/*]
08:24:47.556 sms [localhost-startStop-1] INFO  o.s.b.w.s.FilterRegistrationBean - Mapping filter: 'sessionRepositoryFilter' to: [/*]
08:24:47.556 sms [localhost-startStop-1] INFO  o.s.b.w.s.FilterRegistrationBean - Mapping filter: 'hiddenHttpMethodFilter' to: [/*]
08:24:47.556 sms [localhost-startStop-1] INFO  o.s.b.w.s.FilterRegistrationBean - Mapping filter: 'httpPutFormContentFilter' to: [/*]
08:24:47.556 sms [localhost-startStop-1] INFO  o.s.b.w.s.FilterRegistrationBean - Mapping filter: 'requestContextFilter' to: [/*]
08:24:47.557 sms [localhost-startStop-1] INFO  o.s.b.w.s.DelegatingFilterProxyRegistrationBean - Mapping filter: 'springSecurityFilterChain' to: [/*]
08:24:47.557 sms [localhost-startStop-1] INFO  o.s.b.w.s.ServletRegistrationBean - Servlet dispatcherServlet mapped to [/]
08:24:48.072 sms [restartedMain] INFO  o.s.w.s.m.m.a.RequestMappingHandlerMapping - Mapped "{[/index],methods=[GET]}" onto public java.lang.String com.oldx.web.controller.index.IndexController.index(org.springframework.security.core.Authentication,org.springframework.ui.Model)
08:24:48.072 sms [restartedMain] INFO  o.s.w.s.m.m.a.RequestMappingHandlerMapping - Mapped "{[/userlist],methods=[GET]}" onto public com.oldx.common.api.CommonResult com.oldx.web.controller.index.IndexController.user()
08:24:48.073 sms [restartedMain] INFO  o.s.w.s.m.m.a.RequestMappingHandlerMapping - Mapped "{[/userlist1],methods=[GET]}" onto public com.oldx.common.api.CommonResult com.oldx.web.controller.index.IndexController.user111()
08:24:48.073 sms [restartedMain] INFO  o.s.w.s.m.m.a.RequestMappingHandlerMapping - Mapped "{[/authentication/login]}" onto public com.oldx.common.api.CommonResult com.oldx.web.controller.system.BrowserSecurityController.requireAuthentication(javax.servlet.http.HttpServletRequest,javax.servlet.http.HttpServletResponse) throws java.io.IOException
08:24:48.073 sms [restartedMain] INFO  o.s.w.s.m.m.a.RequestMappingHandlerMapping - Mapped "{[/exception/403],methods=[GET]}" onto public java.lang.String com.oldx.web.controller.system.CommonController.unAuthorin()
08:24:48.074 sms [restartedMain] INFO  o.s.w.s.m.m.a.RequestMappingHandlerMapping - Mapped "{[/login],methods=[GET]}" onto public java.lang.String com.oldx.web.controller.system.LoginController.login(javax.servlet.http.HttpServletRequest,javax.servlet.http.HttpServletResponse)
08:24:48.074 sms [restartedMain] INFO  o.s.w.s.m.m.a.RequestMappingHandlerMapping - Mapped "{[/normal/test],methods=[GET]}" onto public java.lang.String com.oldx.web.controller.TestController.test1()
08:24:48.074 sms [restartedMain] INFO  o.s.w.s.m.m.a.RequestMappingHandlerMapping - Mapped "{[/admin/test],methods=[GET]}" onto public java.lang.String com.oldx.web.controller.TestController.test2()
08:24:48.075 sms [restartedMain] INFO  o.s.w.s.m.m.a.RequestMappingHandlerMapping - Mapped "{[/user/list],methods=[GET]}" onto public java.util.Map<java.lang.String, java.lang.Object> com.oldx.web.controller.user.UserController.userList(com.oldx.common.api.PageRequest,com.oldx.mbg.domain.MoliUser)
08:24:48.075 sms [restartedMain] INFO  o.s.w.s.m.m.a.RequestMappingHandlerMapping - Mapped "{[/user/update],methods=[POST]}" onto public com.oldx.common.api.CommonResult com.oldx.web.controller.user.UserController.updateMUser(com.oldx.mbg.domain.MoliUser,java.lang.Long[])
08:24:48.076 sms [restartedMain] INFO  o.s.w.s.m.m.a.RequestMappingHandlerMapping - Mapped "{[/user/add],methods=[POST]}" onto public com.oldx.common.api.CommonResult com.oldx.web.controller.user.UserController.registerMUser(com.oldx.mbg.domain.MoliUser)
08:24:48.077 sms [restartedMain] INFO  o.s.w.s.m.m.a.RequestMappingHandlerMapping - Mapped "{[/swagger-resources/configuration/security]}" onto public org.springframework.http.ResponseEntity<springfox.documentation.swagger.web.SecurityConfiguration> springfox.documentation.swagger.web.ApiResourceController.securityConfiguration()
08:24:48.078 sms [restartedMain] INFO  o.s.w.s.m.m.a.RequestMappingHandlerMapping - Mapped "{[/swagger-resources]}" onto public org.springframework.http.ResponseEntity<java.util.List<springfox.documentation.swagger.web.SwaggerResource>> springfox.documentation.swagger.web.ApiResourceController.swaggerResources()
08:24:48.078 sms [restartedMain] INFO  o.s.w.s.m.m.a.RequestMappingHandlerMapping - Mapped "{[/swagger-resources/configuration/ui]}" onto public org.springframework.http.ResponseEntity<springfox.documentation.swagger.web.UiConfiguration> springfox.documentation.swagger.web.ApiResourceController.uiConfiguration()
08:24:48.082 sms [restartedMain] INFO  o.s.w.s.m.m.a.RequestMappingHandlerMapping - Mapped "{[/error]}" onto public org.springframework.http.ResponseEntity<java.util.Map<java.lang.String, java.lang.Object>> org.springframework.boot.autoconfigure.web.servlet.error.BasicErrorController.error(javax.servlet.http.HttpServletRequest)
08:24:48.082 sms [restartedMain] INFO  o.s.w.s.m.m.a.RequestMappingHandlerMapping - Mapped "{[/error],produces=[text/html]}" onto public org.springframework.web.servlet.ModelAndView org.springframework.boot.autoconfigure.web.servlet.error.BasicErrorController.errorHtml(javax.servlet.http.HttpServletRequest,javax.servlet.http.HttpServletResponse)
08:24:48.300 sms [restartedMain] INFO  c.o.w.c.WebSecurityConfig$$EnhancerBySpringCGLIB$$faaf6151 - 开始执行securityConfig
08:24:48.340 sms [restartedMain] INFO  o.s.s.web.DefaultSecurityFilterChain - Creating filter chain: org.springframework.security.web.util.matcher.AnyRequestMatcher@1, [org.springframework.security.web.context.request.async.WebAsyncManagerIntegrationFilter@1c64eb13, org.springframework.security.web.context.SecurityContextPersistenceFilter@63c171fb, org.springframework.security.web.header.HeaderWriterFilter@7783dca1, org.springframework.security.web.authentication.logout.LogoutFilter@2d795b20, org.springframework.security.web.authentication.UsernamePasswordAuthenticationFilter@45dfb9dd, org.springframework.security.web.session.ConcurrentSessionFilter@6a30afe, org.springframework.security.web.savedrequest.RequestCacheAwareFilter@acedff6, org.springframework.security.web.servletapi.SecurityContextHolderAwareRequestFilter@33134346, org.springframework.security.web.authentication.AnonymousAuthenticationFilter@7f14c038, org.springframework.security.web.session.SessionManagementFilter@7aa86980, org.springframework.security.web.access.ExceptionTranslationFilter@712284bd, org.springframework.security.web.access.intercept.FilterSecurityInterceptor@821eeaf]
08:24:48.354 sms [restartedMain] INFO  s.d.s.w.PropertySourcedRequestMappingHandlerMapping - Mapped URL path [/v2/api-docs] onto method [public org.springframework.http.ResponseEntity<springfox.documentation.spring.web.json.Json> springfox.documentation.swagger2.web.Swagger2Controller.getDocumentation(java.lang.String,javax.servlet.http.HttpServletRequest)]
08:24:48.389 sms [restartedMain] INFO  o.s.w.s.h.SimpleUrlHandlerMapping - Mapped URL path [/**/favicon.ico] onto handler of type [class org.springframework.web.servlet.resource.ResourceHttpRequestHandler]
08:24:48.417 sms [restartedMain] INFO  o.s.w.s.m.m.a.RequestMappingHandlerAdapter - Looking for @ControllerAdvice: org.springframework.boot.web.servlet.context.AnnotationConfigServletWebServerApplicationContext@1c292327: startup date [Fri Nov 08 08:24:46 CST 2019]; root of context hierarchy
08:24:48.439 sms [restartedMain] INFO  o.s.w.s.h.SimpleUrlHandlerMapping - Mapped URL path [/webjars/**] onto handler of type [class org.springframework.web.servlet.resource.ResourceHttpRequestHandler]
08:24:48.439 sms [restartedMain] INFO  o.s.w.s.h.SimpleUrlHandlerMapping - Mapped URL path [/**] onto handler of type [class org.springframework.web.servlet.resource.ResourceHttpRequestHandler]
08:24:48.525 sms [restartedMain] INFO  o.s.b.a.w.s.WelcomePageHandlerMapping - Adding welcome page template: index
08:24:48.748 sms [restartedMain] INFO  o.s.b.d.a.OptionalLiveReloadServer - LiveReload server is running on port 35729
08:24:48.802 sms [restartedMain] INFO  o.s.j.e.a.AnnotationMBeanExporter - Registering beans for JMX exposure on startup
08:24:48.804 sms [restartedMain] INFO  o.s.j.e.a.AnnotationMBeanExporter - Bean with name 'dataSource' has been autodetected for JMX exposure
08:24:48.811 sms [restartedMain] INFO  o.s.j.e.a.AnnotationMBeanExporter - Located MBean 'dataSource': registering with JMX server as MBean [com.zaxxer.hikari:name=dataSource,type=HikariDataSource]
08:24:48.814 sms [restartedMain] INFO  o.s.c.s.DefaultLifecycleProcessor - Starting beans in phase 2147483647
08:24:48.814 sms [restartedMain] INFO  s.d.s.w.p.DocumentationPluginsBootstrapper - Context refreshed
08:24:48.815 sms [restartedMain] INFO  s.d.s.w.p.DocumentationPluginsBootstrapper - Found 1 custom documentation plugin(s)
08:24:48.823 sms [restartedMain] INFO  s.d.s.w.s.ApiListingReferenceScanner - Scanning for api listing references
08:24:48.931 sms [restartedMain] INFO  o.s.s.a.ScheduledAnnotationBeanPostProcessor - No TaskScheduler/ScheduledExecutorService bean found for scheduled processing
08:24:48.932 sms [restartedMain] INFO  o.a.coyote.http11.Http11NioProtocol - Starting ProtocolHandler ["http-nio-8888"]
08:24:48.934 sms [restartedMain] INFO  o.a.tomcat.util.net.NioSelectorPool - Using a shared selector for servlet write/read
08:24:48.939 sms [restartedMain] INFO  o.s.b.w.e.tomcat.TomcatWebServer - Tomcat started on port(s): 8888 (http) with context path ''
08:24:48.941 sms [restartedMain] INFO  com.oldx.web.OldxWebApplication - Started OldxWebApplication in 2.806 seconds (JVM running for 40769.325)
08:24:48.946 sms [restartedMain] INFO  o.s.b.d.a.ConditionEvaluationDeltaLoggingListener - Condition evaluation unchanged
08:24:48.946 sms [restartedMain] INFO  com.oldx.web.OldxWebApplication - 《《《《《《 MOLI started up successfully at 2019-11-08 08:24:48.946 》》》》》》
10:14:36.735 sms [restartedMain] INFO  com.oldx.web.OldxWebApplication - Starting OldxWebApplication on LAPTOP-I6P0O8RG with PID 668 (D:\D_Git_Project_FIle_WorkSpace\moli\moli-web\target\classes started by Old丶x in D:\D_Git_Project_FIle_WorkSpace\moli)
10:14:36.737 sms [restartedMain] INFO  com.oldx.web.OldxWebApplication - No active profile set, falling back to default profiles: default
10:14:36.833 sms [restartedMain] INFO  o.s.b.w.s.c.AnnotationConfigServletWebServerApplicationContext - Refreshing org.springframework.boot.web.servlet.context.AnnotationConfigServletWebServerApplicationContext@75515fcc: startup date [Fri Nov 08 10:14:36 CST 2019]; root of context hierarchy
10:14:38.394 sms [restartedMain] INFO  o.s.d.r.c.RepositoryConfigurationDelegate - Multiple Spring Data modules found, entering strict repository configuration mode!
10:14:38.905 sms [restartedMain] INFO  o.s.b.f.a.AutowiredAnnotationBeanPostProcessor - JSR-330 'javax.inject.Inject' annotation found and supported for autowiring
10:14:39.022 sms [restartedMain] INFO  o.s.c.s.PostProcessorRegistrationDelegate$BeanPostProcessorChecker - Bean 'org.springframework.transaction.annotation.ProxyTransactionManagementConfiguration' of type [org.springframework.transaction.annotation.ProxyTransactionManagementConfiguration$$EnhancerBySpringCGLIB$$f799a7e2] is not eligible for getting processed by all BeanPostProcessors (for example: not eligible for auto-proxying)
10:14:39.045 sms [restartedMain] INFO  o.s.c.s.PostProcessorRegistrationDelegate$BeanPostProcessorChecker - Bean 'org.springframework.security.config.annotation.configuration.ObjectPostProcessorConfiguration' of type [org.springframework.security.config.annotation.configuration.ObjectPostProcessorConfiguration$$EnhancerBySpringCGLIB$$9047701c] is not eligible for getting processed by all BeanPostProcessors (for example: not eligible for auto-proxying)
10:14:39.058 sms [restartedMain] INFO  o.s.c.s.PostProcessorRegistrationDelegate$BeanPostProcessorChecker - Bean 'objectPostProcessor' of type [org.springframework.security.config.annotation.configuration.AutowireBeanFactoryObjectPostProcessor] is not eligible for getting processed by all BeanPostProcessors (for example: not eligible for auto-proxying)
10:14:39.061 sms [restartedMain] INFO  o.s.c.s.PostProcessorRegistrationDelegate$BeanPostProcessorChecker - Bean 'org.springframework.security.access.expression.method.DefaultMethodSecurityExpressionHandler@5b5370cd' of type [org.springframework.security.access.expression.method.DefaultMethodSecurityExpressionHandler] is not eligible for getting processed by all BeanPostProcessors (for example: not eligible for auto-proxying)
10:14:39.079 sms [restartedMain] INFO  o.s.c.s.PostProcessorRegistrationDelegate$BeanPostProcessorChecker - Bean 'org.springframework.security.config.annotation.method.configuration.GlobalMethodSecurityConfiguration' of type [org.springframework.security.config.annotation.method.configuration.GlobalMethodSecurityConfiguration$$EnhancerBySpringCGLIB$$b51c12ce] is not eligible for getting processed by all BeanPostProcessors (for example: not eligible for auto-proxying)
10:14:39.090 sms [restartedMain] INFO  o.s.c.s.PostProcessorRegistrationDelegate$BeanPostProcessorChecker - Bean 'methodSecurityMetadataSource' of type [org.springframework.security.access.method.DelegatingMethodSecurityMetadataSource] is not eligible for getting processed by all BeanPostProcessors (for example: not eligible for auto-proxying)
10:14:39.689 sms [restartedMain] INFO  o.s.b.w.e.tomcat.TomcatWebServer - Tomcat initialized with port(s): 8888 (http)
10:14:39.700 sms [restartedMain] INFO  o.a.coyote.http11.Http11NioProtocol - Initializing ProtocolHandler ["http-nio-8888"]
10:14:39.712 sms [restartedMain] INFO  o.a.catalina.core.StandardService - Starting service [Tomcat]
10:14:39.712 sms [restartedMain] INFO  o.a.catalina.core.StandardEngine - Starting Servlet Engine: Apache Tomcat/8.5.32
10:14:39.715 sms [localhost-startStop-1] INFO  o.a.c.core.AprLifecycleListener - The APR based Apache Tomcat Native library which allows optimal performance in production environments was not found on the java.library.path: [C:\Program Files\Java\jdk1.8.0_212\bin;C:\WINDOWS\Sun\Java\bin;C:\WINDOWS\system32;C:\WINDOWS;D:\xshell6\;D:\xftp6\;C:\Program Files\Java\jdk1.8.0_212\bin\;C:\Program Files\Java\jdk1.8.0_212\jre\bin\;C:\Program Files (x86)\Common Files\Oracle\Java\javapath;C:\Windows\system32;C:\Windows;C:\Windows\System32\Wbem;C:\Windows\System32\WindowsPowerShell\v1.0\;C:\Windows\System32\OpenSSH\;C:\Program Files (x86)\NVIDIA Corporation\PhysX\Common;C:\Program Files\NVIDIA Corporation\NVIDIA NGX;C:\Program Files\NVIDIA Corporation\NVIDIA NvDLISR;C:\WINDOWS\system32;C:\WINDOWS;C:\WINDOWS\System32\Wbem;C:\WINDOWS\System32\WindowsPowerShell\v1.0\;C:\WINDOWS\System32\OpenSSH\;D:\mysql-5.7.26-winx64\mysql-5.7.26-winx64\bin;F:\apache-maven-3.3.9\apache-maven-3.3.9\bin;F:\gradle-5.4.1\gradle-5.4.1\bin;D:\MongDb\bin;D:\Program Files\nodejs\node_global;D:\nvm;C:\Program Files\nodejs;%ERLANG_HOME%\bin;D:\Microsoft VS Code\bin;F:\ffmpeg-20180227-fa0c9d6-win64-static\bin;C:\Program Files\Microsoft VS Code\bin;D:\Git\Git\cmd;D:\Git\bin;C:\Users\Old丶x\AppData\Local\Microsoft\WindowsApps;C:\Users\Old丶x\AppData\Roaming\npm;.]
10:14:39.933 sms [localhost-startStop-1] INFO  o.a.c.c.C.[Tomcat].[localhost].[/] - Initializing Spring embedded WebApplicationContext
10:14:39.933 sms [localhost-startStop-1] INFO  o.s.web.context.ContextLoader - Root WebApplicationContext: initialization completed in 3100 ms
10:14:40.461 sms [localhost-startStop-1] INFO  o.s.b.w.s.FilterRegistrationBean - Mapping filter: 'characterEncodingFilter' to: [/*]
10:14:40.462 sms [localhost-startStop-1] INFO  o.s.b.w.s.FilterRegistrationBean - Mapping filter: 'sessionRepositoryFilter' to: [/*]
10:14:40.462 sms [localhost-startStop-1] INFO  o.s.b.w.s.FilterRegistrationBean - Mapping filter: 'hiddenHttpMethodFilter' to: [/*]
10:14:40.462 sms [localhost-startStop-1] INFO  o.s.b.w.s.FilterRegistrationBean - Mapping filter: 'httpPutFormContentFilter' to: [/*]
10:14:40.462 sms [localhost-startStop-1] INFO  o.s.b.w.s.FilterRegistrationBean - Mapping filter: 'requestContextFilter' to: [/*]
10:14:40.463 sms [localhost-startStop-1] INFO  o.s.b.w.s.DelegatingFilterProxyRegistrationBean - Mapping filter: 'springSecurityFilterChain' to: [/*]
10:14:40.464 sms [localhost-startStop-1] INFO  o.s.b.w.s.ServletRegistrationBean - Servlet dispatcherServlet mapped to [/]
10:14:41.473 sms [restartedMain] INFO  o.s.w.s.m.m.a.RequestMappingHandlerMapping - Mapped "{[/index],methods=[GET]}" onto public java.lang.String com.oldx.web.controller.index.IndexController.index(org.springframework.security.core.Authentication,org.springframework.ui.Model)
10:14:41.474 sms [restartedMain] INFO  o.s.w.s.m.m.a.RequestMappingHandlerMapping - Mapped "{[/userlist],methods=[GET]}" onto public com.oldx.common.api.CommonResult com.oldx.web.controller.index.IndexController.user()
10:14:41.474 sms [restartedMain] INFO  o.s.w.s.m.m.a.RequestMappingHandlerMapping - Mapped "{[/userlist1],methods=[GET]}" onto public com.oldx.common.api.CommonResult com.oldx.web.controller.index.IndexController.user111()
10:14:41.475 sms [restartedMain] INFO  o.s.w.s.m.m.a.RequestMappingHandlerMapping - Mapped "{[/authentication/login]}" onto public com.oldx.common.api.CommonResult com.oldx.web.controller.system.BrowserSecurityController.requireAuthentication(javax.servlet.http.HttpServletRequest,javax.servlet.http.HttpServletResponse) throws java.io.IOException
10:14:41.476 sms [restartedMain] INFO  o.s.w.s.m.m.a.RequestMappingHandlerMapping - Mapped "{[/exception/403],methods=[GET]}" onto public java.lang.String com.oldx.web.controller.system.CommonController.unAuthorin()
10:14:41.476 sms [restartedMain] INFO  o.s.w.s.m.m.a.RequestMappingHandlerMapping - Mapped "{[/login],methods=[GET]}" onto public java.lang.String com.oldx.web.controller.system.LoginController.login(javax.servlet.http.HttpServletRequest,javax.servlet.http.HttpServletResponse)
10:14:41.476 sms [restartedMain] INFO  o.s.w.s.m.m.a.RequestMappingHandlerMapping - Mapped "{[/normal/test],methods=[GET]}" onto public java.lang.String com.oldx.web.controller.TestController.test1()
10:14:41.477 sms [restartedMain] INFO  o.s.w.s.m.m.a.RequestMappingHandlerMapping - Mapped "{[/admin/test],methods=[GET]}" onto public java.lang.String com.oldx.web.controller.TestController.test2()
10:14:41.477 sms [restartedMain] INFO  o.s.w.s.m.m.a.RequestMappingHandlerMapping - Mapped "{[/user/list],methods=[GET]}" onto public java.util.Map<java.lang.String, java.lang.Object> com.oldx.web.controller.user.UserController.userList(com.oldx.common.api.PageRequest,com.oldx.mbg.domain.MoliUser)
10:14:41.477 sms [restartedMain] INFO  o.s.w.s.m.m.a.RequestMappingHandlerMapping - Mapped "{[/user/update],methods=[POST]}" onto public com.oldx.common.api.CommonResult com.oldx.web.controller.user.UserController.updateMUser(com.oldx.mbg.domain.MoliUser,java.lang.Long[])
10:14:41.478 sms [restartedMain] INFO  o.s.w.s.m.m.a.RequestMappingHandlerMapping - Mapped "{[/user/add],methods=[POST]}" onto public com.oldx.common.api.CommonResult com.oldx.web.controller.user.UserController.registerMUser(com.oldx.mbg.domain.MoliUser)
10:14:41.481 sms [restartedMain] INFO  o.s.w.s.m.m.a.RequestMappingHandlerMapping - Mapped "{[/swagger-resources/configuration/security]}" onto public org.springframework.http.ResponseEntity<springfox.documentation.swagger.web.SecurityConfiguration> springfox.documentation.swagger.web.ApiResourceController.securityConfiguration()
10:14:41.482 sms [restartedMain] INFO  o.s.w.s.m.m.a.RequestMappingHandlerMapping - Mapped "{[/swagger-resources]}" onto public org.springframework.http.ResponseEntity<java.util.List<springfox.documentation.swagger.web.SwaggerResource>> springfox.documentation.swagger.web.ApiResourceController.swaggerResources()
10:14:41.483 sms [restartedMain] INFO  o.s.w.s.m.m.a.RequestMappingHandlerMapping - Mapped "{[/swagger-resources/configuration/ui]}" onto public org.springframework.http.ResponseEntity<springfox.documentation.swagger.web.UiConfiguration> springfox.documentation.swagger.web.ApiResourceController.uiConfiguration()
10:14:41.486 sms [restartedMain] INFO  o.s.w.s.m.m.a.RequestMappingHandlerMapping - Mapped "{[/error]}" onto public org.springframework.http.ResponseEntity<java.util.Map<java.lang.String, java.lang.Object>> org.springframework.boot.autoconfigure.web.servlet.error.BasicErrorController.error(javax.servlet.http.HttpServletRequest)
10:14:41.487 sms [restartedMain] INFO  o.s.w.s.m.m.a.RequestMappingHandlerMapping - Mapped "{[/error],produces=[text/html]}" onto public org.springframework.web.servlet.ModelAndView org.springframework.boot.autoconfigure.web.servlet.error.BasicErrorController.errorHtml(javax.servlet.http.HttpServletRequest,javax.servlet.http.HttpServletResponse)
10:14:41.828 sms [restartedMain] INFO  c.o.w.c.WebSecurityConfig$$EnhancerBySpringCGLIB$$142d9adb - 开始执行securityConfig
10:14:41.980 sms [restartedMain] INFO  o.s.s.web.DefaultSecurityFilterChain - Creating filter chain: org.springframework.security.web.util.matcher.AnyRequestMatcher@1, [org.springframework.security.web.context.request.async.WebAsyncManagerIntegrationFilter@9f95f3e, org.springframework.security.web.context.SecurityContextPersistenceFilter@45ccc4a0, org.springframework.security.web.header.HeaderWriterFilter@1e9a326e, org.springframework.security.web.authentication.logout.LogoutFilter@1249e618, org.springframework.security.web.authentication.UsernamePasswordAuthenticationFilter@7a3e7fd6, org.springframework.security.web.session.ConcurrentSessionFilter@27950d8f, org.springframework.security.web.savedrequest.RequestCacheAwareFilter@2e9581c5, org.springframework.security.web.servletapi.SecurityContextHolderAwareRequestFilter@133e4958, org.springframework.security.web.authentication.AnonymousAuthenticationFilter@5bf6d6f8, org.springframework.security.web.session.SessionManagementFilter@761e2741, org.springframework.security.web.access.ExceptionTranslationFilter@2fb886bf, org.springframework.security.web.access.intercept.FilterSecurityInterceptor@27d0a0d1]
10:14:42.024 sms [restartedMain] INFO  s.d.s.w.PropertySourcedRequestMappingHandlerMapping - Mapped URL path [/v2/api-docs] onto method [public org.springframework.http.ResponseEntity<springfox.documentation.spring.web.json.Json> springfox.documentation.swagger2.web.Swagger2Controller.getDocumentation(java.lang.String,javax.servlet.http.HttpServletRequest)]
10:14:42.103 sms [restartedMain] INFO  o.s.w.s.h.SimpleUrlHandlerMapping - Mapped URL path [/**/favicon.ico] onto handler of type [class org.springframework.web.servlet.resource.ResourceHttpRequestHandler]
10:14:42.199 sms [restartedMain] INFO  o.s.w.s.m.m.a.RequestMappingHandlerAdapter - Looking for @ControllerAdvice: org.springframework.boot.web.servlet.context.AnnotationConfigServletWebServerApplicationContext@75515fcc: startup date [Fri Nov 08 10:14:36 CST 2019]; root of context hierarchy
10:14:42.257 sms [restartedMain] INFO  o.s.w.s.h.SimpleUrlHandlerMapping - Mapped URL path [/webjars/**] onto handler of type [class org.springframework.web.servlet.resource.ResourceHttpRequestHandler]
10:14:42.257 sms [restartedMain] INFO  o.s.w.s.h.SimpleUrlHandlerMapping - Mapped URL path [/**] onto handler of type [class org.springframework.web.servlet.resource.ResourceHttpRequestHandler]
10:14:42.396 sms [restartedMain] INFO  o.s.b.a.w.s.WelcomePageHandlerMapping - Adding welcome page template: index
10:14:42.864 sms [restartedMain] INFO  io.lettuce.core.EpollProvider - Starting without optional epoll library
10:14:42.865 sms [restartedMain] INFO  io.lettuce.core.KqueueProvider - Starting without optional kqueue library
10:14:45.584 sms [restartedMain] INFO  o.s.j.e.a.AnnotationMBeanExporter - Unregistering JMX-exposed beans on shutdown
10:14:46.717 sms [restartedMain] INFO  o.a.catalina.core.StandardService - Stopping service [Tomcat]
10:14:46.763 sms [restartedMain] INFO  o.s.b.a.l.ConditionEvaluationReportLoggingListener - 

Error starting ApplicationContext. To display the conditions report re-run your application with 'debug' enabled.
10:15:05.602 sms [restartedMain] INFO  com.oldx.web.OldxWebApplication - Starting OldxWebApplication on LAPTOP-I6P0O8RG with PID 1860 (D:\D_Git_Project_FIle_WorkSpace\moli\moli-web\target\classes started by Old丶x in D:\D_Git_Project_FIle_WorkSpace\moli)
10:15:05.604 sms [restartedMain] INFO  com.oldx.web.OldxWebApplication - No active profile set, falling back to default profiles: default
10:15:05.710 sms [restartedMain] INFO  o.s.b.w.s.c.AnnotationConfigServletWebServerApplicationContext - Refreshing org.springframework.boot.web.servlet.context.AnnotationConfigServletWebServerApplicationContext@76bd081b: startup date [Fri Nov 08 10:15:05 CST 2019]; root of context hierarchy
10:15:07.167 sms [restartedMain] INFO  o.s.d.r.c.RepositoryConfigurationDelegate - Multiple Spring Data modules found, entering strict repository configuration mode!
10:15:07.647 sms [restartedMain] INFO  o.s.b.f.a.AutowiredAnnotationBeanPostProcessor - JSR-330 'javax.inject.Inject' annotation found and supported for autowiring
10:15:07.804 sms [restartedMain] INFO  o.s.c.s.PostProcessorRegistrationDelegate$BeanPostProcessorChecker - Bean 'org.springframework.transaction.annotation.ProxyTransactionManagementConfiguration' of type [org.springframework.transaction.annotation.ProxyTransactionManagementConfiguration$$EnhancerBySpringCGLIB$$295c4745] is not eligible for getting processed by all BeanPostProcessors (for example: not eligible for auto-proxying)
10:15:07.839 sms [restartedMain] INFO  o.s.c.s.PostProcessorRegistrationDelegate$BeanPostProcessorChecker - Bean 'org.springframework.security.config.annotation.configuration.ObjectPostProcessorConfiguration' of type [org.springframework.security.config.annotation.configuration.ObjectPostProcessorConfiguration$$EnhancerBySpringCGLIB$$c20a0f7f] is not eligible for getting processed by all BeanPostProcessors (for example: not eligible for auto-proxying)
10:15:07.856 sms [restartedMain] INFO  o.s.c.s.PostProcessorRegistrationDelegate$BeanPostProcessorChecker - Bean 'objectPostProcessor' of type [org.springframework.security.config.annotation.configuration.AutowireBeanFactoryObjectPostProcessor] is not eligible for getting processed by all BeanPostProcessors (for example: not eligible for auto-proxying)
10:15:07.861 sms [restartedMain] INFO  o.s.c.s.PostProcessorRegistrationDelegate$BeanPostProcessorChecker - Bean 'org.springframework.security.access.expression.method.DefaultMethodSecurityExpressionHandler@7e045644' of type [org.springframework.security.access.expression.method.DefaultMethodSecurityExpressionHandler] is not eligible for getting processed by all BeanPostProcessors (for example: not eligible for auto-proxying)
10:15:07.874 sms [restartedMain] INFO  o.s.c.s.PostProcessorRegistrationDelegate$BeanPostProcessorChecker - Bean 'org.springframework.security.config.annotation.method.configuration.GlobalMethodSecurityConfiguration' of type [org.springframework.security.config.annotation.method.configuration.GlobalMethodSecurityConfiguration$$EnhancerBySpringCGLIB$$e6deb231] is not eligible for getting processed by all BeanPostProcessors (for example: not eligible for auto-proxying)
10:15:07.886 sms [restartedMain] INFO  o.s.c.s.PostProcessorRegistrationDelegate$BeanPostProcessorChecker - Bean 'methodSecurityMetadataSource' of type [org.springframework.security.access.method.DelegatingMethodSecurityMetadataSource] is not eligible for getting processed by all BeanPostProcessors (for example: not eligible for auto-proxying)
10:15:08.562 sms [restartedMain] INFO  o.s.b.w.e.tomcat.TomcatWebServer - Tomcat initialized with port(s): 8888 (http)
10:15:08.574 sms [restartedMain] INFO  o.a.coyote.http11.Http11NioProtocol - Initializing ProtocolHandler ["http-nio-8888"]
10:15:08.583 sms [restartedMain] INFO  o.a.catalina.core.StandardService - Starting service [Tomcat]
10:15:08.584 sms [restartedMain] INFO  o.a.catalina.core.StandardEngine - Starting Servlet Engine: Apache Tomcat/8.5.32
10:15:08.587 sms [localhost-startStop-1] INFO  o.a.c.core.AprLifecycleListener - The APR based Apache Tomcat Native library which allows optimal performance in production environments was not found on the java.library.path: [C:\Program Files\Java\jdk1.8.0_212\bin;C:\WINDOWS\Sun\Java\bin;C:\WINDOWS\system32;C:\WINDOWS;D:\xshell6\;D:\xftp6\;C:\Program Files\Java\jdk1.8.0_212\bin\;C:\Program Files\Java\jdk1.8.0_212\jre\bin\;C:\Program Files (x86)\Common Files\Oracle\Java\javapath;C:\Windows\system32;C:\Windows;C:\Windows\System32\Wbem;C:\Windows\System32\WindowsPowerShell\v1.0\;C:\Windows\System32\OpenSSH\;C:\Program Files (x86)\NVIDIA Corporation\PhysX\Common;C:\Program Files\NVIDIA Corporation\NVIDIA NGX;C:\Program Files\NVIDIA Corporation\NVIDIA NvDLISR;C:\WINDOWS\system32;C:\WINDOWS;C:\WINDOWS\System32\Wbem;C:\WINDOWS\System32\WindowsPowerShell\v1.0\;C:\WINDOWS\System32\OpenSSH\;D:\mysql-5.7.26-winx64\mysql-5.7.26-winx64\bin;F:\apache-maven-3.3.9\apache-maven-3.3.9\bin;F:\gradle-5.4.1\gradle-5.4.1\bin;D:\MongDb\bin;D:\Program Files\nodejs\node_global;D:\nvm;C:\Program Files\nodejs;%ERLANG_HOME%\bin;D:\Microsoft VS Code\bin;F:\ffmpeg-20180227-fa0c9d6-win64-static\bin;C:\Program Files\Microsoft VS Code\bin;D:\Git\Git\cmd;D:\Git\bin;C:\Users\Old丶x\AppData\Local\Microsoft\WindowsApps;C:\Users\Old丶x\AppData\Roaming\npm;.]
10:15:08.837 sms [localhost-startStop-1] INFO  o.a.c.c.C.[Tomcat].[localhost].[/] - Initializing Spring embedded WebApplicationContext
10:15:08.838 sms [localhost-startStop-1] INFO  o.s.web.context.ContextLoader - Root WebApplicationContext: initialization completed in 3128 ms
10:15:09.320 sms [localhost-startStop-1] INFO  o.s.b.w.s.FilterRegistrationBean - Mapping filter: 'characterEncodingFilter' to: [/*]
10:15:09.320 sms [localhost-startStop-1] INFO  o.s.b.w.s.FilterRegistrationBean - Mapping filter: 'sessionRepositoryFilter' to: [/*]
10:15:09.320 sms [localhost-startStop-1] INFO  o.s.b.w.s.FilterRegistrationBean - Mapping filter: 'hiddenHttpMethodFilter' to: [/*]
10:15:09.320 sms [localhost-startStop-1] INFO  o.s.b.w.s.FilterRegistrationBean - Mapping filter: 'httpPutFormContentFilter' to: [/*]
10:15:09.320 sms [localhost-startStop-1] INFO  o.s.b.w.s.FilterRegistrationBean - Mapping filter: 'requestContextFilter' to: [/*]
10:15:09.321 sms [localhost-startStop-1] INFO  o.s.b.w.s.DelegatingFilterProxyRegistrationBean - Mapping filter: 'springSecurityFilterChain' to: [/*]
10:15:09.321 sms [localhost-startStop-1] INFO  o.s.b.w.s.ServletRegistrationBean - Servlet dispatcherServlet mapped to [/]
10:15:10.271 sms [restartedMain] INFO  o.s.w.s.m.m.a.RequestMappingHandlerMapping - Mapped "{[/index],methods=[GET]}" onto public java.lang.String com.oldx.web.controller.index.IndexController.index(org.springframework.security.core.Authentication,org.springframework.ui.Model)
10:15:10.272 sms [restartedMain] INFO  o.s.w.s.m.m.a.RequestMappingHandlerMapping - Mapped "{[/userlist],methods=[GET]}" onto public com.oldx.common.api.CommonResult com.oldx.web.controller.index.IndexController.user()
10:15:10.273 sms [restartedMain] INFO  o.s.w.s.m.m.a.RequestMappingHandlerMapping - Mapped "{[/userlist1],methods=[GET]}" onto public com.oldx.common.api.CommonResult com.oldx.web.controller.index.IndexController.user111()
10:15:10.274 sms [restartedMain] INFO  o.s.w.s.m.m.a.RequestMappingHandlerMapping - Mapped "{[/authentication/login]}" onto public com.oldx.common.api.CommonResult com.oldx.web.controller.system.BrowserSecurityController.requireAuthentication(javax.servlet.http.HttpServletRequest,javax.servlet.http.HttpServletResponse) throws java.io.IOException
10:15:10.274 sms [restartedMain] INFO  o.s.w.s.m.m.a.RequestMappingHandlerMapping - Mapped "{[/exception/403],methods=[GET]}" onto public java.lang.String com.oldx.web.controller.system.CommonController.unAuthorin()
10:15:10.275 sms [restartedMain] INFO  o.s.w.s.m.m.a.RequestMappingHandlerMapping - Mapped "{[/login],methods=[GET]}" onto public java.lang.String com.oldx.web.controller.system.LoginController.login(javax.servlet.http.HttpServletRequest,javax.servlet.http.HttpServletResponse)
10:15:10.275 sms [restartedMain] INFO  o.s.w.s.m.m.a.RequestMappingHandlerMapping - Mapped "{[/normal/test],methods=[GET]}" onto public java.lang.String com.oldx.web.controller.TestController.test1()
10:15:10.275 sms [restartedMain] INFO  o.s.w.s.m.m.a.RequestMappingHandlerMapping - Mapped "{[/admin/test],methods=[GET]}" onto public java.lang.String com.oldx.web.controller.TestController.test2()
10:15:10.276 sms [restartedMain] INFO  o.s.w.s.m.m.a.RequestMappingHandlerMapping - Mapped "{[/user/list],methods=[GET]}" onto public java.util.Map<java.lang.String, java.lang.Object> com.oldx.web.controller.user.UserController.userList(com.oldx.common.api.PageRequest,com.oldx.mbg.domain.MoliUser)
10:15:10.276 sms [restartedMain] INFO  o.s.w.s.m.m.a.RequestMappingHandlerMapping - Mapped "{[/user/update],methods=[POST]}" onto public com.oldx.common.api.CommonResult com.oldx.web.controller.user.UserController.updateMUser(com.oldx.mbg.domain.MoliUser,java.lang.Long[])
10:15:10.276 sms [restartedMain] INFO  o.s.w.s.m.m.a.RequestMappingHandlerMapping - Mapped "{[/user/add],methods=[POST]}" onto public com.oldx.common.api.CommonResult com.oldx.web.controller.user.UserController.registerMUser(com.oldx.mbg.domain.MoliUser)
10:15:10.281 sms [restartedMain] INFO  o.s.w.s.m.m.a.RequestMappingHandlerMapping - Mapped "{[/swagger-resources/configuration/security]}" onto public org.springframework.http.ResponseEntity<springfox.documentation.swagger.web.SecurityConfiguration> springfox.documentation.swagger.web.ApiResourceController.securityConfiguration()
10:15:10.282 sms [restartedMain] INFO  o.s.w.s.m.m.a.RequestMappingHandlerMapping - Mapped "{[/swagger-resources/configuration/ui]}" onto public org.springframework.http.ResponseEntity<springfox.documentation.swagger.web.UiConfiguration> springfox.documentation.swagger.web.ApiResourceController.uiConfiguration()
10:15:10.282 sms [restartedMain] INFO  o.s.w.s.m.m.a.RequestMappingHandlerMapping - Mapped "{[/swagger-resources]}" onto public org.springframework.http.ResponseEntity<java.util.List<springfox.documentation.swagger.web.SwaggerResource>> springfox.documentation.swagger.web.ApiResourceController.swaggerResources()
10:15:10.286 sms [restartedMain] INFO  o.s.w.s.m.m.a.RequestMappingHandlerMapping - Mapped "{[/error]}" onto public org.springframework.http.ResponseEntity<java.util.Map<java.lang.String, java.lang.Object>> org.springframework.boot.autoconfigure.web.servlet.error.BasicErrorController.error(javax.servlet.http.HttpServletRequest)
10:15:10.286 sms [restartedMain] INFO  o.s.w.s.m.m.a.RequestMappingHandlerMapping - Mapped "{[/error],produces=[text/html]}" onto public org.springframework.web.servlet.ModelAndView org.springframework.boot.autoconfigure.web.servlet.error.BasicErrorController.errorHtml(javax.servlet.http.HttpServletRequest,javax.servlet.http.HttpServletResponse)
10:15:10.613 sms [restartedMain] INFO  c.o.w.c.WebSecurityConfig$$EnhancerBySpringCGLIB$$45f03a3e - 开始执行securityConfig
10:15:10.758 sms [restartedMain] INFO  o.s.s.web.DefaultSecurityFilterChain - Creating filter chain: org.springframework.security.web.util.matcher.AnyRequestMatcher@1, [org.springframework.security.web.context.request.async.WebAsyncManagerIntegrationFilter@fe13c63, org.springframework.security.web.context.SecurityContextPersistenceFilter@4cead2cb, org.springframework.security.web.header.HeaderWriterFilter@77bbba20, org.springframework.security.web.authentication.logout.LogoutFilter@21b01092, org.springframework.security.web.authentication.UsernamePasswordAuthenticationFilter@100cbcfb, org.springframework.security.web.session.ConcurrentSessionFilter@7f3629e0, org.springframework.security.web.savedrequest.RequestCacheAwareFilter@3689b2d2, org.springframework.security.web.servletapi.SecurityContextHolderAwareRequestFilter@14a59231, org.springframework.security.web.authentication.AnonymousAuthenticationFilter@d3b1962, org.springframework.security.web.session.SessionManagementFilter@2bd0a10b, org.springframework.security.web.access.ExceptionTranslationFilter@233ba002, org.springframework.security.web.access.intercept.FilterSecurityInterceptor@144b2410]
10:15:10.802 sms [restartedMain] INFO  s.d.s.w.PropertySourcedRequestMappingHandlerMapping - Mapped URL path [/v2/api-docs] onto method [public org.springframework.http.ResponseEntity<springfox.documentation.spring.web.json.Json> springfox.documentation.swagger2.web.Swagger2Controller.getDocumentation(java.lang.String,javax.servlet.http.HttpServletRequest)]
10:15:10.889 sms [restartedMain] INFO  o.s.w.s.h.SimpleUrlHandlerMapping - Mapped URL path [/**/favicon.ico] onto handler of type [class org.springframework.web.servlet.resource.ResourceHttpRequestHandler]
10:15:10.979 sms [restartedMain] INFO  o.s.w.s.m.m.a.RequestMappingHandlerAdapter - Looking for @ControllerAdvice: org.springframework.boot.web.servlet.context.AnnotationConfigServletWebServerApplicationContext@76bd081b: startup date [Fri Nov 08 10:15:05 CST 2019]; root of context hierarchy
10:15:11.032 sms [restartedMain] INFO  o.s.w.s.h.SimpleUrlHandlerMapping - Mapped URL path [/webjars/**] onto handler of type [class org.springframework.web.servlet.resource.ResourceHttpRequestHandler]
10:15:11.033 sms [restartedMain] INFO  o.s.w.s.h.SimpleUrlHandlerMapping - Mapped URL path [/**] onto handler of type [class org.springframework.web.servlet.resource.ResourceHttpRequestHandler]
10:15:11.171 sms [restartedMain] INFO  o.s.b.a.w.s.WelcomePageHandlerMapping - Adding welcome page template: index
10:15:11.621 sms [restartedMain] INFO  io.lettuce.core.EpollProvider - Starting without optional epoll library
10:15:11.622 sms [restartedMain] INFO  io.lettuce.core.KqueueProvider - Starting without optional kqueue library
10:15:13.569 sms [restartedMain] INFO  o.s.b.d.a.OptionalLiveReloadServer - LiveReload server is running on port 35729
10:15:13.630 sms [restartedMain] INFO  o.s.j.e.a.AnnotationMBeanExporter - Registering beans for JMX exposure on startup
10:15:13.632 sms [restartedMain] INFO  o.s.j.e.a.AnnotationMBeanExporter - Bean with name 'dataSource' has been autodetected for JMX exposure
10:15:13.638 sms [restartedMain] INFO  o.s.j.e.a.AnnotationMBeanExporter - Located MBean 'dataSource': registering with JMX server as MBean [com.zaxxer.hikari:name=dataSource,type=HikariDataSource]
10:15:13.642 sms [restartedMain] INFO  o.s.c.s.DefaultLifecycleProcessor - Starting beans in phase 2147483647
10:15:13.643 sms [restartedMain] INFO  s.d.s.w.p.DocumentationPluginsBootstrapper - Context refreshed
10:15:13.663 sms [restartedMain] INFO  s.d.s.w.p.DocumentationPluginsBootstrapper - Found 1 custom documentation plugin(s)
10:15:13.705 sms [restartedMain] INFO  s.d.s.w.s.ApiListingReferenceScanner - Scanning for api listing references
10:15:13.996 sms [restartedMain] INFO  o.s.s.a.ScheduledAnnotationBeanPostProcessor - No TaskScheduler/ScheduledExecutorService bean found for scheduled processing
10:15:14.003 sms [restartedMain] INFO  o.a.coyote.http11.Http11NioProtocol - Starting ProtocolHandler ["http-nio-8888"]
10:15:14.005 sms [restartedMain] INFO  o.a.tomcat.util.net.NioSelectorPool - Using a shared selector for servlet write/read
10:15:14.022 sms [restartedMain] INFO  o.s.b.w.e.tomcat.TomcatWebServer - Tomcat started on port(s): 8888 (http) with context path ''
10:15:14.026 sms [restartedMain] INFO  com.oldx.web.OldxWebApplication - Started OldxWebApplication in 9.084 seconds (JVM running for 11.623)
10:15:14.035 sms [restartedMain] INFO  com.oldx.web.OldxWebApplication - 《《《《《《 MOLI started up successfully at 2019-11-08 10:15:14.035 》》》》》》
10:15:25.818 sms [http-nio-8888-exec-1] INFO  o.a.c.c.C.[Tomcat].[localhost].[/] - Initializing Spring FrameworkServlet 'dispatcherServlet'
10:15:25.818 sms [http-nio-8888-exec-1] INFO  o.s.web.servlet.DispatcherServlet - FrameworkServlet 'dispatcherServlet': initialization started
10:15:25.863 sms [http-nio-8888-exec-1] INFO  o.s.web.servlet.DispatcherServlet - FrameworkServlet 'dispatcherServlet': initialization completed in 45 ms
10:15:25.997 sms [http-nio-8888-exec-2] INFO  c.o.w.c.system.LoginController - 引发跳转的请求是：http://localhost:8888/
10:20:26.800 sms [http-nio-8888-exec-6] INFO  c.o.w.c.system.LoginController - 引发跳转的请求是：http://localhost:8888/
10:20:51.439 sms [http-nio-8888-exec-10] INFO  c.o.w.c.system.LoginController - 引发跳转的请求是：http://localhost:8888/
10:20:52.507 sms [http-nio-8888-exec-9] INFO  c.o.w.c.system.LoginController - 引发跳转的请求是：http://localhost:8888/
