04:10:11.551 sms [restartedMain] INFO  com.oldx.web.OldxWebApplication - Starting OldxWebApplication on LAPTOP-I6P0O8RG with PID 8620 (D:\D_Git_Project_FIle_WorkSpace\moli\moli-web\target\classes started by Old丶x in D:\D_Git_Project_FIle_WorkSpace\moli)
04:10:11.552 sms [restartedMain] INFO  com.oldx.web.OldxWebApplication - No active profile set, falling back to default profiles: default
04:10:11.614 sms [restartedMain] INFO  o.s.b.w.s.c.AnnotationConfigServletWebServerApplicationContext - Refreshing org.springframework.boot.web.servlet.context.AnnotationConfigServletWebServerApplicationContext@10cbd0a5: startup date [Wed Mar 11 04:10:11 CST 2020]; root of context hierarchy
04:10:12.798 sms [restartedMain] INFO  o.s.d.r.c.RepositoryConfigurationDelegate - Multiple Spring Data modules found, entering strict repository configuration mode!
04:10:13.091 sms [restartedMain] INFO  o.s.b.f.a.AutowiredAnnotationBeanPostProcessor - JSR-330 'javax.inject.Inject' annotation found and supported for autowiring
04:10:13.163 sms [restartedMain] INFO  o.s.c.s.PostProcessorRegistrationDelegate$BeanPostProcessorChecker - Bean 'org.springframework.transaction.annotation.ProxyTransactionManagementConfiguration' of type [org.springframework.transaction.annotation.ProxyTransactionManagementConfiguration$$EnhancerBySpringCGLIB$$5a80b8e] is not eligible for getting processed by all BeanPostProcessors (for example: not eligible for auto-proxying)
04:10:13.179 sms [restartedMain] INFO  o.s.c.s.PostProcessorRegistrationDelegate$BeanPostProcessorChecker - Bean 'org.springframework.security.config.annotation.configuration.ObjectPostProcessorConfiguration' of type [org.springframework.security.config.annotation.configuration.ObjectPostProcessorConfiguration$$EnhancerBySpringCGLIB$$9e55d3c8] is not eligible for getting processed by all BeanPostProcessors (for example: not eligible for auto-proxying)
04:10:13.186 sms [restartedMain] INFO  o.s.c.s.PostProcessorRegistrationDelegate$BeanPostProcessorChecker - Bean 'objectPostProcessor' of type [org.springframework.security.config.annotation.configuration.AutowireBeanFactoryObjectPostProcessor] is not eligible for getting processed by all BeanPostProcessors (for example: not eligible for auto-proxying)
04:10:13.187 sms [restartedMain] INFO  o.s.c.s.PostProcessorRegistrationDelegate$BeanPostProcessorChecker - Bean 'org.springframework.security.access.expression.method.DefaultMethodSecurityExpressionHandler@4c87fb58' of type [org.springframework.security.access.expression.method.DefaultMethodSecurityExpressionHandler] is not eligible for getting processed by all BeanPostProcessors (for example: not eligible for auto-proxying)
04:10:13.191 sms [restartedMain] INFO  o.s.c.s.PostProcessorRegistrationDelegate$BeanPostProcessorChecker - Bean 'org.springframework.security.config.annotation.method.configuration.GlobalMethodSecurityConfiguration' of type [org.springframework.security.config.annotation.method.configuration.GlobalMethodSecurityConfiguration$$EnhancerBySpringCGLIB$$c32a767a] is not eligible for getting processed by all BeanPostProcessors (for example: not eligible for auto-proxying)
04:10:13.196 sms [restartedMain] INFO  o.s.c.s.PostProcessorRegistrationDelegate$BeanPostProcessorChecker - Bean 'methodSecurityMetadataSource' of type [org.springframework.security.access.method.DelegatingMethodSecurityMetadataSource] is not eligible for getting processed by all BeanPostProcessors (for example: not eligible for auto-proxying)
04:10:13.581 sms [restartedMain] INFO  o.s.b.w.e.tomcat.TomcatWebServer - Tomcat initialized with port(s): 8888 (http)
04:10:13.588 sms [restartedMain] INFO  o.a.coyote.http11.Http11NioProtocol - Initializing ProtocolHandler ["http-nio-8888"]
04:10:13.595 sms [restartedMain] INFO  o.a.catalina.core.StandardService - Starting service [Tomcat]
04:10:13.595 sms [restartedMain] INFO  o.a.catalina.core.StandardEngine - Starting Servlet Engine: Apache Tomcat/8.5.32
04:10:13.597 sms [localhost-startStop-1] INFO  o.a.c.core.AprLifecycleListener - The APR based Apache Tomcat Native library which allows optimal performance in production environments was not found on the java.library.path: [C:\Program Files\Java\jdk1.8.0_212\bin;C:\WINDOWS\Sun\Java\bin;C:\WINDOWS\system32;C:\WINDOWS;D:\xshell6\;D:\xftp6\;C:\Program Files\Java\jdk1.8.0_212\bin\;C:\Program Files\Java\jdk1.8.0_212\jre\bin\;C:\Program Files (x86)\Common Files\Oracle\Java\javapath;C:\Windows\system32;C:\Windows;C:\Windows\System32\Wbem;C:\Windows\System32\WindowsPowerShell\v1.0\;C:\Windows\System32\OpenSSH\;C:\Program Files (x86)\NVIDIA Corporation\PhysX\Common;C:\Program Files\NVIDIA Corporation\NVIDIA NGX;C:\Program Files\NVIDIA Corporation\NVIDIA NvDLISR;C:\WINDOWS\system32;C:\WINDOWS;C:\WINDOWS\System32\Wbem;C:\WINDOWS\System32\WindowsPowerShell\v1.0\;C:\WINDOWS\System32\OpenSSH\;D:\mysql-5.7.26-winx64\mysql-5.7.26-winx64\bin;F:\apache-maven-3.3.9\apache-maven-3.3.9\bin;F:\gradle-5.4.1\gradle-5.4.1\bin;D:\MongDb\bin;D:\Program Files\nodejs\node_global;D:\nvm;C:\Program Files\nodejs;%ERLANG_HOME%\bin;D:\Microsoft VS Code\bin;F:\ffmpeg-20180227-fa0c9d6-win64-static\bin;D:\Git\bin;C:\ProgramData\chocolatey\bin;C:\Program Files (x86)\Yarn\bin\;C:\Program Files\Microsoft VS Code\bin;D:\Git\Git\cmd;C:\Pyblock\resources\app\Python-win64\Scripts;F:\python\Scripts\;F:\python\;C:\Users\Old丶x\AppData\Local\Microsoft\WindowsApps;C:\Users\Old丶x\AppData\Roaming\npm;D:\nvm;C:\Program Files\nodejs;C:\Users\Old丶x\AppData\Local\Yarn\bin;C:\Users\Old丶x\AppData\Local\BypassRuntm;.]
04:10:13.760 sms [localhost-startStop-1] INFO  o.a.c.c.C.[Tomcat].[localhost].[/] - Initializing Spring embedded WebApplicationContext
04:10:13.760 sms [localhost-startStop-1] INFO  o.s.web.context.ContextLoader - Root WebApplicationContext: initialization completed in 2146 ms
04:10:14.126 sms [localhost-startStop-1] INFO  o.s.b.w.s.FilterRegistrationBean - Mapping filter: 'characterEncodingFilter' to: [/*]
04:10:14.126 sms [localhost-startStop-1] INFO  o.s.b.w.s.FilterRegistrationBean - Mapping filter: 'sessionRepositoryFilter' to: [/*]
04:10:14.126 sms [localhost-startStop-1] INFO  o.s.b.w.s.FilterRegistrationBean - Mapping filter: 'hiddenHttpMethodFilter' to: [/*]
04:10:14.126 sms [localhost-startStop-1] INFO  o.s.b.w.s.FilterRegistrationBean - Mapping filter: 'httpPutFormContentFilter' to: [/*]
04:10:14.126 sms [localhost-startStop-1] INFO  o.s.b.w.s.FilterRegistrationBean - Mapping filter: 'requestContextFilter' to: [/*]
04:10:14.126 sms [localhost-startStop-1] INFO  o.s.b.w.s.DelegatingFilterProxyRegistrationBean - Mapping filter: 'springSecurityFilterChain' to: [/*]
04:10:14.126 sms [localhost-startStop-1] INFO  o.s.b.w.s.ServletRegistrationBean - Servlet dispatcherServlet mapped to [/]
04:10:14.802 sms [restartedMain] INFO  o.s.w.s.m.m.a.RequestMappingHandlerMapping - Mapped "{[/index],methods=[GET]}" onto public java.lang.String com.oldx.web.controller.index.IndexController.index(org.springframework.security.core.Authentication,org.springframework.ui.Model)
04:10:14.803 sms [restartedMain] INFO  o.s.w.s.m.m.a.RequestMappingHandlerMapping - Mapped "{[/userlist],methods=[GET]}" onto public com.oldx.common.api.CommonResult com.oldx.web.controller.index.IndexController.user()
04:10:14.803 sms [restartedMain] INFO  o.s.w.s.m.m.a.RequestMappingHandlerMapping - Mapped "{[/userlist1],methods=[GET]}" onto public com.oldx.common.api.CommonResult com.oldx.web.controller.index.IndexController.user111()
04:10:14.804 sms [restartedMain] INFO  o.s.w.s.m.m.a.RequestMappingHandlerMapping - Mapped "{[/authentication/login]}" onto public com.oldx.common.api.CommonResult com.oldx.web.controller.system.BrowserSecurityController.requireAuthentication(javax.servlet.http.HttpServletRequest,javax.servlet.http.HttpServletResponse) throws java.io.IOException
04:10:14.804 sms [restartedMain] INFO  o.s.w.s.m.m.a.RequestMappingHandlerMapping - Mapped "{[/exception/403],methods=[GET]}" onto public java.lang.String com.oldx.web.controller.system.CommonController.unAuthorin()
04:10:14.804 sms [restartedMain] INFO  o.s.w.s.m.m.a.RequestMappingHandlerMapping - Mapped "{[/login],methods=[GET]}" onto public java.lang.String com.oldx.web.controller.system.LoginController.login(javax.servlet.http.HttpServletRequest,javax.servlet.http.HttpServletResponse)
04:10:14.804 sms [restartedMain] INFO  o.s.w.s.m.m.a.RequestMappingHandlerMapping - Mapped "{[/normal/test],methods=[GET]}" onto public java.lang.String com.oldx.web.controller.TestController.test1()
04:10:14.805 sms [restartedMain] INFO  o.s.w.s.m.m.a.RequestMappingHandlerMapping - Mapped "{[/admin/test],methods=[GET]}" onto public java.lang.String com.oldx.web.controller.TestController.test2()
04:10:14.805 sms [restartedMain] INFO  o.s.w.s.m.m.a.RequestMappingHandlerMapping - Mapped "{[/user/list],methods=[GET]}" onto public java.util.Map<java.lang.String, java.lang.Object> com.oldx.web.controller.user.UserController.userList(com.oldx.common.api.PageRequest,com.oldx.mbg.domain.MoliUser)
04:10:14.805 sms [restartedMain] INFO  o.s.w.s.m.m.a.RequestMappingHandlerMapping - Mapped "{[/user/update],methods=[POST]}" onto public com.oldx.common.api.CommonResult com.oldx.web.controller.user.UserController.updateMUser(com.oldx.mbg.domain.MoliUser,java.lang.Long[])
04:10:14.806 sms [restartedMain] INFO  o.s.w.s.m.m.a.RequestMappingHandlerMapping - Mapped "{[/user/add],methods=[POST]}" onto public com.oldx.common.api.CommonResult com.oldx.web.controller.user.UserController.registerMUser(com.oldx.mbg.domain.MoliUser)
04:10:14.808 sms [restartedMain] INFO  o.s.w.s.m.m.a.RequestMappingHandlerMapping - Mapped "{[/swagger-resources/configuration/security]}" onto public org.springframework.http.ResponseEntity<springfox.documentation.swagger.web.SecurityConfiguration> springfox.documentation.swagger.web.ApiResourceController.securityConfiguration()
04:10:14.809 sms [restartedMain] INFO  o.s.w.s.m.m.a.RequestMappingHandlerMapping - Mapped "{[/swagger-resources/configuration/ui]}" onto public org.springframework.http.ResponseEntity<springfox.documentation.swagger.web.UiConfiguration> springfox.documentation.swagger.web.ApiResourceController.uiConfiguration()
04:10:14.809 sms [restartedMain] INFO  o.s.w.s.m.m.a.RequestMappingHandlerMapping - Mapped "{[/swagger-resources]}" onto public org.springframework.http.ResponseEntity<java.util.List<springfox.documentation.swagger.web.SwaggerResource>> springfox.documentation.swagger.web.ApiResourceController.swaggerResources()
04:10:14.812 sms [restartedMain] INFO  o.s.w.s.m.m.a.RequestMappingHandlerMapping - Mapped "{[/error]}" onto public org.springframework.http.ResponseEntity<java.util.Map<java.lang.String, java.lang.Object>> org.springframework.boot.autoconfigure.web.servlet.error.BasicErrorController.error(javax.servlet.http.HttpServletRequest)
04:10:14.812 sms [restartedMain] INFO  o.s.w.s.m.m.a.RequestMappingHandlerMapping - Mapped "{[/error],produces=[text/html]}" onto public org.springframework.web.servlet.ModelAndView org.springframework.boot.autoconfigure.web.servlet.error.BasicErrorController.errorHtml(javax.servlet.http.HttpServletRequest,javax.servlet.http.HttpServletResponse)
04:10:15.035 sms [restartedMain] INFO  c.o.w.c.WebSecurityConfig$$EnhancerBySpringCGLIB$$223bfe87 - 开始执行securityConfig
04:10:15.144 sms [restartedMain] INFO  o.s.s.web.DefaultSecurityFilterChain - Creating filter chain: org.springframework.security.web.util.matcher.AnyRequestMatcher@1, [org.springframework.security.web.context.request.async.WebAsyncManagerIntegrationFilter@30091a50, org.springframework.security.web.context.SecurityContextPersistenceFilter@5024ff96, org.springframework.security.web.header.HeaderWriterFilter@2cb8de3b, org.springframework.security.web.authentication.logout.LogoutFilter@5eaafafc, org.springframework.security.web.authentication.UsernamePasswordAuthenticationFilter@4958fcf1, org.springframework.security.web.session.ConcurrentSessionFilter@3da0dfbd, org.springframework.security.web.savedrequest.RequestCacheAwareFilter@2f595ca2, org.springframework.security.web.servletapi.SecurityContextHolderAwareRequestFilter@71cc6cef, org.springframework.security.web.authentication.AnonymousAuthenticationFilter@54c33403, org.springframework.security.web.session.SessionManagementFilter@71d7fc77, org.springframework.security.web.access.ExceptionTranslationFilter@6b48c326, org.springframework.security.web.access.intercept.FilterSecurityInterceptor@59210e9a]
04:10:15.175 sms [restartedMain] INFO  s.d.s.w.PropertySourcedRequestMappingHandlerMapping - Mapped URL path [/v2/api-docs] onto method [public org.springframework.http.ResponseEntity<springfox.documentation.spring.web.json.Json> springfox.documentation.swagger2.web.Swagger2Controller.getDocumentation(java.lang.String,javax.servlet.http.HttpServletRequest)]
04:10:15.231 sms [restartedMain] INFO  o.s.w.s.h.SimpleUrlHandlerMapping - Mapped URL path [/**/favicon.ico] onto handler of type [class org.springframework.web.servlet.resource.ResourceHttpRequestHandler]
04:10:15.306 sms [restartedMain] INFO  o.s.w.s.m.m.a.RequestMappingHandlerAdapter - Looking for @ControllerAdvice: org.springframework.boot.web.servlet.context.AnnotationConfigServletWebServerApplicationContext@10cbd0a5: startup date [Wed Mar 11 04:10:11 CST 2020]; root of context hierarchy
04:10:15.347 sms [restartedMain] INFO  o.s.w.s.h.SimpleUrlHandlerMapping - Mapped URL path [/webjars/**] onto handler of type [class org.springframework.web.servlet.resource.ResourceHttpRequestHandler]
04:10:15.347 sms [restartedMain] INFO  o.s.w.s.h.SimpleUrlHandlerMapping - Mapped URL path [/**] onto handler of type [class org.springframework.web.servlet.resource.ResourceHttpRequestHandler]
04:10:15.446 sms [restartedMain] INFO  o.s.b.a.w.s.WelcomePageHandlerMapping - Adding welcome page template: index
04:10:15.777 sms [restartedMain] INFO  io.lettuce.core.EpollProvider - Starting without optional epoll library
04:10:15.778 sms [restartedMain] INFO  io.lettuce.core.KqueueProvider - Starting without optional kqueue library
04:10:16.703 sms [restartedMain] INFO  o.s.b.d.a.OptionalLiveReloadServer - LiveReload server is running on port 35729
04:10:16.746 sms [restartedMain] INFO  o.s.j.e.a.AnnotationMBeanExporter - Registering beans for JMX exposure on startup
04:10:16.748 sms [restartedMain] INFO  o.s.j.e.a.AnnotationMBeanExporter - Bean with name 'dataSource' has been autodetected for JMX exposure
04:10:16.753 sms [restartedMain] INFO  o.s.j.e.a.AnnotationMBeanExporter - Located MBean 'dataSource': registering with JMX server as MBean [com.zaxxer.hikari:name=dataSource,type=HikariDataSource]
04:10:16.757 sms [restartedMain] INFO  o.s.c.s.DefaultLifecycleProcessor - Starting beans in phase 2147483647
04:10:16.757 sms [restartedMain] INFO  s.d.s.w.p.DocumentationPluginsBootstrapper - Context refreshed
04:10:16.769 sms [restartedMain] INFO  s.d.s.w.p.DocumentationPluginsBootstrapper - Found 1 custom documentation plugin(s)
04:10:16.796 sms [restartedMain] INFO  s.d.s.w.s.ApiListingReferenceScanner - Scanning for api listing references
04:10:17.001 sms [restartedMain] INFO  o.s.s.a.ScheduledAnnotationBeanPostProcessor - No TaskScheduler/ScheduledExecutorService bean found for scheduled processing
04:10:17.006 sms [restartedMain] INFO  o.a.coyote.http11.Http11NioProtocol - Starting ProtocolHandler ["http-nio-8888"]
04:10:17.008 sms [restartedMain] INFO  o.a.tomcat.util.net.NioSelectorPool - Using a shared selector for servlet write/read
04:10:17.019 sms [restartedMain] INFO  o.s.b.w.e.tomcat.TomcatWebServer - Tomcat started on port(s): 8888 (http) with context path ''
04:10:17.021 sms [restartedMain] INFO  com.oldx.web.OldxWebApplication - Started OldxWebApplication in 5.867 seconds (JVM running for 7.137)
04:10:17.027 sms [restartedMain] INFO  com.oldx.web.OldxWebApplication - 《《《《《《 MOLI started up successfully at 2020-03-11 04:10:17.027 》》》》》》
04:11:33.303 sms [http-nio-8888-exec-1] INFO  o.a.c.c.C.[Tomcat].[localhost].[/] - Initializing Spring FrameworkServlet 'dispatcherServlet'
04:11:33.303 sms [http-nio-8888-exec-1] INFO  o.s.web.servlet.DispatcherServlet - FrameworkServlet 'dispatcherServlet': initialization started
04:11:33.333 sms [http-nio-8888-exec-1] INFO  o.s.web.servlet.DispatcherServlet - FrameworkServlet 'dispatcherServlet': initialization completed in 30 ms
04:11:33.401 sms [http-nio-8888-exec-2] INFO  c.o.w.c.system.LoginController - 引发跳转的请求是：http://localhost:8888/
04:11:36.886 sms [http-nio-8888-exec-10] INFO  c.o.w.s.MoLiUserDetailsService$$EnhancerBySpringCGLIB$$9dc53c93 - 根据用户名查找用户信息，登录用户名:shuaigaoyong
04:11:36.926 sms [http-nio-8888-exec-10] INFO  com.zaxxer.hikari.HikariDataSource - FebsHikariCP - Starting...
04:11:37.206 sms [http-nio-8888-exec-10] INFO  com.zaxxer.hikari.HikariDataSource - FebsHikariCP - Start completed.
04:11:37.223 sms [http-nio-8888-exec-10] INFO  c.o.c.i.SqlStatementInterceptor - 【SQL语句Id】>>>> com.oldx.mbg.mapper.MoliUserMapper.selectByExample
04:11:37.224 sms [http-nio-8888-exec-10] INFO  c.o.c.i.SqlStatementInterceptor - 【SQL语句耗时】>>>> 301 ms
04:11:37.224 sms [http-nio-8888-exec-10] INFO  c.o.c.i.SqlStatementInterceptor - 【SQL语句】>>>> select user_id, username, password, dept_id, email, mobile, status, create_time, modify_time, last_login_time, sex, icon, desciption from moli_user WHERE ( username = 'shuaigaoyong' )
04:11:37.381 sms [http-nio-8888-exec-10] INFO  c.o.w.s.MoLiUserDetailsService$$EnhancerBySpringCGLIB$$9dc53c93 - 根据用户名查找用户信息，登录用户名:shuaigaoyong
04:11:37.383 sms [http-nio-8888-exec-10] INFO  c.o.c.i.SqlStatementInterceptor - 【SQL语句Id】>>>> com.oldx.mbg.mapper.MoliUserMapper.selectByExample
04:11:37.383 sms [http-nio-8888-exec-10] INFO  c.o.c.i.SqlStatementInterceptor - 【SQL语句耗时】>>>> 1 ms
04:11:37.383 sms [http-nio-8888-exec-10] INFO  c.o.c.i.SqlStatementInterceptor - 【SQL语句】>>>> select user_id, username, password, dept_id, email, mobile, status, create_time, modify_time, last_login_time, sex, icon, desciption from moli_user WHERE ( username = 'shuaigaoyong' )
04:11:37.458 sms [http-nio-8888-exec-10] INFO  c.o.w.H.MoliAuthenticationFailHandler - 登录失败了年轻人
04:13:00.761 sms [http-nio-8888-exec-7] INFO  c.o.w.s.MoLiUserDetailsService$$EnhancerBySpringCGLIB$$9dc53c93 - 根据用户名查找用户信息，登录用户名:moli
04:13:00.766 sms [http-nio-8888-exec-7] INFO  c.o.c.i.SqlStatementInterceptor - 【SQL语句Id】>>>> com.oldx.mbg.mapper.MoliUserMapper.selectByExample
04:13:00.766 sms [http-nio-8888-exec-7] INFO  c.o.c.i.SqlStatementInterceptor - 【SQL语句耗时】>>>> 4 ms
04:13:00.766 sms [http-nio-8888-exec-7] INFO  c.o.c.i.SqlStatementInterceptor - 【SQL语句】>>>> select user_id, username, password, dept_id, email, mobile, status, create_time, modify_time, last_login_time, sex, icon, desciption from moli_user WHERE ( username = 'moli' )
04:13:00.782 sms [http-nio-8888-exec-7] INFO  c.o.c.i.SqlStatementInterceptor - 【SQL语句Id】>>>> com.oldx.mbg.mapper.MMenuMapper.findUserPermissions
04:13:00.782 sms [http-nio-8888-exec-7] INFO  c.o.c.i.SqlStatementInterceptor - 【SQL语句耗时】>>>> 16 ms
04:13:00.782 sms [http-nio-8888-exec-7] INFO  c.o.c.i.SqlStatementInterceptor - 【SQL语句】>>>> select m.perms from m_role r left join m_user_role ur on(r.role_id = ur.role_id) left join moli_user u on(u.user_id = ur.user_id) left join m_role_menu rm on(rm.role_id = r.role_id) left join m_menu m on(m.menu_id = rm.menu_id ) where u.username = 'moli' and m.perms is not null and m.perms <> ''
04:13:00.859 sms [http-nio-8888-exec-7] INFO  c.o.w.H.MoliAuthenticationSuccessHandler - 登录成功了你牛逼a
04:13:09.408 sms [http-nio-8888-exec-2] INFO  c.o.c.i.SqlStatementInterceptor - 【SQL语句Id】>>>> com.oldx.mbg.mapper.MoliUserMapper.selectByPrimaryKey
04:13:09.409 sms [http-nio-8888-exec-2] INFO  c.o.c.i.SqlStatementInterceptor - 【SQL语句耗时】>>>> 2 ms
04:13:09.409 sms [http-nio-8888-exec-2] INFO  c.o.c.i.SqlStatementInterceptor - 【SQL语句】>>>> select user_id, username, password, dept_id, email, mobile, status, create_time, modify_time, last_login_time, sex, icon, desciption from moli_user where user_id = 2
04:13:09.409 sms [http-nio-8888-exec-2] INFO  c.o.w.c.index.IndexController - 查找用户
